$PMGNTRK,5120.815,N,00615.604,E,0000040,M,105204.00,A,20080821-02,210808*51
$PMGNTRK,5120.803,N,00615.616,E,0000043,M,110639.00,A,20080821-02,210808*58
$PMGNTRK,5120.801,N,00615.617,E,0000043,M,110640.00,A,20080821-02,210808*55
$PMGNTRK,5120.788,N,00615.625,E,0000043,M,110647.00,A,20080821-02,210808*5D
$PMGNTRK,5120.786,N,00615.626,E,0000043,M,110648.00,A,20080821-02,210808*5F
$PMGNTRK,5120.772,N,00615.634,E,0000042,M,110653.00,A,20080821-02,210808*5C
$PMGNTRK,5120.769,N,00615.635,E,0000042,M,110654.00,A,20080821-02,210808*50
$PMGNTRK,5120.756,N,00615.643,E,0000042,M,110659.00,A,20080821-02,210808*50
$PMGNTRK,5120.753,N,00615.645,E,0000042,M,110700.00,A,20080821-02,210808*5E
$PMGNTRK,5120.739,N,00615.653,E,0000043,M,110705.00,A,20080821-02,210808*51
$PMGNTRK,5120.737,N,00615.655,E,0000044,M,110706.00,A,20080821-02,210808*5D
$PMGNTRK,5120.722,N,00615.659,E,0000045,M,110711.00,A,20080821-02,210808*52
$PMGNTRK,5120.720,N,00615.659,E,0000045,M,110712.00,A,20080821-02,210808*53
$PMGNTRK,5120.704,N,00615.668,E,0000047,M,110718.00,A,20080821-02,210808*5F
$PMGNTRK,5120.702,N,00615.669,E,0000047,M,110719.00,A,20080821-02,210808*59
$PMGNTRK,5120.686,N,00615.676,E,0000047,M,110725.00,A,20080821-02,210808*55
$PMGNTRK,5120.683,N,00615.677,E,0000047,M,110726.00,A,20080821-02,210808*52
$PMGNTRK,5120.669,N,00615.682,E,0000047,M,110731.00,A,20080821-02,210808*5A
$PMGNTRK,5120.666,N,00615.683,E,0000047,M,110732.00,A,20080821-02,210808*57
$PMGNTRK,5120.651,N,00615.685,E,0000047,M,110738.00,A,20080821-02,210808*5F
$PMGNTRK,5120.649,N,00615.686,E,0000047,M,110739.00,A,20080821-02,210808*54
$PMGNTRK,5120.635,N,00615.687,E,0000044,M,110744.00,A,20080821-02,210808*57
$PMGNTRK,5120.632,N,00615.688,E,0000043,M,110745.00,A,20080821-02,210808*59
$PMGNTRK,5120.617,N,00615.695,E,0000043,M,110750.00,A,20080821-02,210808*56
$PMGNTRK,5120.614,N,00615.697,E,0000043,M,110751.00,A,20080821-02,210808*56
$PMGNTRK,5120.601,N,00615.707,E,0000044,M,110756.00,A,20080821-02,210808*5A
$PMGNTRK,5120.599,N,00615.709,E,0000044,M,110757.00,A,20080821-02,210808*57
$PMGNTRK,5120.585,N,00615.699,E,0000045,M,110805.00,A,20080821-02,210808*5B
$PMGNTRK,5120.585,N,00615.695,E,0000045,M,110806.00,A,20080821-02,210808*54
$PMGNTRK,5120.587,N,00615.671,E,0000044,M,110812.00,A,20080821-02,210808*58
$PMGNTRK,5120.587,N,00615.667,E,0000044,M,110813.00,A,20080821-02,210808*5E
$PMGNTRK,5120.587,N,00615.644,E,0000043,M,110819.00,A,20080821-02,210808*52
$PMGNTRK,5120.585,N,00615.643,E,0000043,M,110820.00,A,20080821-02,210808*5D
$PMGNTRK,5120.571,N,00615.638,E,0000044,M,110826.00,A,20080821-02,210808*5B
$PMGNTRK,5120.568,N,00615.637,E,0000044,M,110827.00,A,20080821-02,210808*5D
$PMGNTRK,5120.553,N,00615.633,E,0000044,M,110832.00,A,20080821-02,210808*55
$PMGNTRK,5120.550,N,00615.632,E,0000044,M,110833.00,A,20080821-02,210808*56
$PMGNTRK,5120.534,N,00615.626,E,0000044,M,110838.00,A,20080821-02,210808*5A
$PMGNTRK,5120.531,N,00615.625,E,0000044,M,110839.00,A,20080821-02,210808*5D
$PMGNTRK,5120.515,N,00615.620,E,0000045,M,110844.00,A,20080821-02,210808*55
$PMGNTRK,5120.512,N,00615.619,E,0000045,M,110845.00,A,20080821-02,210808*59
$PMGNTRK,5120.497,N,00615.614,E,0000045,M,110850.00,A,20080821-02,210808*5C
$PMGNTRK,5120.493,N,00615.613,E,0000046,M,110851.00,A,20080821-02,210808*5D
$PMGNTRK,5120.478,N,00615.607,E,0000046,M,110856.00,A,20080821-02,210808*5A
$PMGNTRK,5120.475,N,00615.606,E,0000046,M,110857.00,A,20080821-02,210808*57
$PMGNTRK,5120.460,N,00615.601,E,0000047,M,110902.00,A,20080821-02,210808*54
$PMGNTRK,5120.457,N,00615.600,E,0000047,M,110903.00,A,20080821-02,210808*50
$PMGNTRK,5120.441,N,00615.595,E,0000047,M,110908.00,A,20080821-02,210808*53
$PMGNTRK,5120.438,N,00615.595,E,0000047,M,110909.00,A,20080821-02,210808*5C
$PMGNTRK,5120.423,N,00615.595,E,0000046,M,110913.00,A,20080821-02,210808*5C
$PMGNTRK,5120.419,N,00615.595,E,0000046,M,110914.00,A,20080821-02,210808*52
$PMGNTRK,5120.402,N,00615.598,E,0000044,M,110918.00,A,20080821-02,210808*5B
$PMGNTRK,5120.398,N,00615.598,E,0000043,M,110919.00,A,20080821-02,210808*59
$PMGNTRK,5120.381,N,00615.601,E,0000041,M,110923.00,A,20080821-02,210808*59
$PMGNTRK,5120.377,N,00615.601,E,0000041,M,110924.00,A,20080821-02,210808*57
$PMGNTRK,5120.362,N,00615.595,E,0000039,M,110928.00,A,20080821-02,210808*5E
$PMGNTRK,5120.359,N,00615.594,E,0000038,M,110929.00,A,20080821-02,210808*57
$PMGNTRK,5120.342,N,00615.587,E,0000038,M,110934.00,A,20080821-02,210808*53
$PMGNTRK,5120.339,N,00615.586,E,0000038,M,110935.00,A,20080821-02,210808*5F
$PMGNTRK,5120.324,N,00615.588,E,0000039,M,110940.00,A,20080821-02,210808*5E
$PMGNTRK,5120.322,N,00615.590,E,0000039,M,110941.00,A,20080821-02,210808*50
$PMGNTRK,5120.308,N,00615.591,E,0000040,M,110947.00,A,20080821-02,210808*51
$PMGNTRK,5120.307,N,00615.587,E,0000040,M,110948.00,A,20080821-02,210808*56
$PMGNTRK,5120.311,N,00615.564,E,0000040,M,110953.00,A,20080821-02,210808*56
$PMGNTRK,5120.312,N,00615.559,E,0000040,M,110954.00,A,20080821-02,210808*5C
$PMGNTRK,5120.317,N,00615.539,E,0000040,M,110958.00,A,20080821-02,210808*53
$PMGNTRK,5120.318,N,00615.533,E,0000040,M,110959.00,A,20080821-02,210808*57
$PMGNTRK,5120.322,N,00615.512,E,0000040,M,111003.00,A,20080821-02,210808*5A
$PMGNTRK,5120.323,N,00615.506,E,0000040,M,111004.00,A,20080821-02,210808*59
$PMGNTRK,5120.327,N,00615.484,E,0000040,M,111008.00,A,20080821-02,210808*5A
$PMGNTRK,5120.328,N,00615.478,E,0000040,M,111009.00,A,20080821-02,210808*57
$PMGNTRK,5120.332,N,00615.455,E,0000040,M,111013.00,A,20080821-02,210808*58
$PMGNTRK,5120.333,N,00615.449,E,0000040,M,111014.00,A,20080821-02,210808*53
$PMGNTRK,5120.338,N,00615.425,E,0000040,M,111018.00,A,20080821-02,210808*5E
$PMGNTRK,5120.339,N,00615.420,E,0000040,M,111019.00,A,20080821-02,210808*5B
$PMGNTRK,5120.344,N,00615.398,E,0000040,M,111023.00,A,20080821-02,210808*5C
$PMGNTRK,5120.345,N,00615.392,E,0000040,M,111024.00,A,20080821-02,210808*50
$PMGNTRK,5120.349,N,00615.370,E,0000039,M,111028.00,A,20080821-02,210808*52
$PMGNTRK,5120.350,N,00615.364,E,0000039,M,111029.00,A,20080821-02,210808*5E
$PMGNTRK,5120.354,N,00615.342,E,0000039,M,111033.00,A,20080821-02,210808*55
$PMGNTRK,5120.356,N,00615.336,E,0000039,M,111034.00,A,20080821-02,210808*53
$PMGNTRK,5120.360,N,00615.314,E,0000038,M,111038.00,A,20080821-02,210808*5B
$PMGNTRK,5120.360,N,00615.308,E,0000038,M,111039.00,A,20080821-02,210808*57
$PMGNTRK,5120.348,N,00615.292,E,0000037,M,111044.00,A,20080821-02,210808*5A
$PMGNTRK,5120.345,N,00615.293,E,0000037,M,111045.00,A,20080821-02,210808*57
$PMGNTRK,5120.332,N,00615.299,E,0000037,M,111049.00,A,20080821-02,210808*51
$PMGNTRK,5120.329,N,00615.301,E,0000037,M,111050.00,A,20080821-02,210808*53
$PMGNTRK,5120.313,N,00615.308,E,0000038,M,111055.00,A,20080821-02,210808*59
$PMGNTRK,5120.309,N,00615.308,E,0000038,M,111056.00,A,20080821-02,210808*51
$PMGNTRK,5120.293,N,00615.312,E,0000039,M,111101.00,A,20080821-02,210808*5A
$PMGNTRK,5120.290,N,00615.313,E,0000039,M,111102.00,A,20080821-02,210808*5B
$PMGNTRK,5120.273,N,00615.316,E,0000041,M,111107.00,A,20080821-02,210808*59
$PMGNTRK,5120.270,N,00615.317,E,0000041,M,111108.00,A,20080821-02,210808*54
$PMGNTRK,5120.254,N,00615.319,E,0000042,M,111113.00,A,20080821-02,210808*55
$PMGNTRK,5120.251,N,00615.319,E,0000043,M,111114.00,A,20080821-02,210808*56
$PMGNTRK,5120.237,N,00615.320,E,0000043,M,111118.00,A,20080821-02,210808*50
$PMGNTRK,5120.233,N,00615.320,E,0000043,M,111119.00,A,20080821-02,210808*55
$PMGNTRK,5120.219,N,00615.322,E,0000044,M,111123.00,A,20080821-02,210808*51
$PMGNTRK,5120.216,N,00615.322,E,0000044,M,111124.00,A,20080821-02,210808*59
$PMGNTRK,5120.202,N,00615.323,E,0000045,M,111128.00,A,20080821-02,210808*50
$PMGNTRK,5120.198,N,00615.323,E,0000045,M,111129.00,A,20080821-02,210808*51
$PMGNTRK,5120.182,N,00615.320,E,0000046,M,111134.00,A,20080821-02,210808*56
$PMGNTRK,5120.179,N,00615.319,E,0000046,M,111135.00,A,20080821-02,210808*59
$PMGNTRK,5120.163,N,00615.313,E,0000047,M,111140.00,A,20080821-02,210808*5B
$PMGNTRK,5120.159,N,00615.311,E,0000047,M,111141.00,A,20080821-02,210808*51
$PMGNTRK,5120.144,N,00615.300,E,0000047,M,111146.00,A,20080821-02,210808*5A
$PMGNTRK,5120.141,N,00615.298,E,0000047,M,111147.00,A,20080821-02,210808*5E
$PMGNTRK,5120.127,N,00615.287,E,0000047,M,111152.00,A,20080821-02,210808*54
$PMGNTRK,5120.125,N,00615.284,E,0000047,M,111153.00,A,20080821-02,210808*54
$PMGNTRK,5120.126,N,00615.262,E,0000047,M,111158.00,A,20080821-02,210808*54
$PMGNTRK,5120.127,N,00615.256,E,0000047,M,111159.00,A,20080821-02,210808*53
$PMGNTRK,5120.131,N,00615.234,E,0000046,M,111203.00,A,20080821-02,210808*5D
$PMGNTRK,5120.131,N,00615.229,E,0000046,M,111204.00,A,20080821-02,210808*56
$PMGNTRK,5120.134,N,00615.205,E,0000045,M,111208.00,A,20080821-02,210808*52
$PMGNTRK,5120.134,N,00615.199,E,0000045,M,111209.00,A,20080821-02,210808*55
$PMGNTRK,5120.137,N,00615.174,E,0000044,M,111213.00,A,20080821-02,210808*5F
$PMGNTRK,5120.137,N,00615.168,E,0000044,M,111214.00,A,20080821-02,210808*55
$PMGNTRK,5120.140,N,00615.144,E,0000043,M,111218.00,A,20080821-02,210808*50
$PMGNTRK,5120.141,N,00615.138,E,0000043,M,111219.00,A,20080821-02,210808*5B
$PMGNTRK,5120.144,N,00615.115,E,0000043,M,111223.00,A,20080821-02,210808*58
$PMGNTRK,5120.144,N,00615.109,E,0000043,M,111224.00,A,20080821-02,210808*52
$PMGNTRK,5120.147,N,00615.085,E,0000042,M,111228.00,A,20080821-02,210808*59
$PMGNTRK,5120.147,N,00615.079,E,0000042,M,111229.00,A,20080821-02,210808*5B
$PMGNTRK,5120.150,N,00615.055,E,0000041,M,111233.00,A,20080821-02,210808*5B
$PMGNTRK,5120.151,N,00615.048,E,0000041,M,111234.00,A,20080821-02,210808*51
$PMGNTRK,5120.154,N,00615.024,E,0000041,M,111238.00,A,20080821-02,210808*52
$PMGNTRK,5120.155,N,00615.017,E,0000041,M,111239.00,A,20080821-02,210808*52
$PMGNTRK,5120.158,N,00614.993,E,0000040,M,111243.00,A,20080821-02,210808*57
$PMGNTRK,5120.158,N,00614.987,E,0000040,M,111244.00,A,20080821-02,210808*55
$PMGNTRK,5120.161,N,00614.963,E,0000040,M,111248.00,A,20080821-02,210808*59
$PMGNTRK,5120.162,N,00614.957,E,0000040,M,111249.00,A,20080821-02,210808*5C
$PMGNTRK,5120.165,N,00614.933,E,0000039,M,111253.00,A,20080821-02,210808*5C
$PMGNTRK,5120.166,N,00614.927,E,0000039,M,111254.00,A,20080821-02,210808*5D
$PMGNTRK,5120.168,N,00614.902,E,0000038,M,111258.00,A,20080821-02,210808*59
$PMGNTRK,5120.170,N,00614.896,E,0000038,M,111259.00,A,20080821-02,210808*5D
$PMGNTRK,5120.173,N,00614.871,E,0000038,M,111303.00,A,20080821-02,210808*59
$PMGNTRK,5120.173,N,00614.865,E,0000038,M,111304.00,A,20080821-02,210808*5B
$PMGNTRK,5120.176,N,00614.840,E,0000039,M,111308.00,A,20080821-02,210808*54
$PMGNTRK,5120.177,N,00614.834,E,0000039,M,111309.00,A,20080821-02,210808*57
$PMGNTRK,5120.180,N,00614.808,E,0000039,M,111313.00,A,20080821-02,210808*5B
$PMGNTRK,5120.181,N,00614.802,E,0000040,M,111314.00,A,20080821-02,210808*59
$PMGNTRK,5120.186,N,00614.777,E,0000041,M,111318.00,A,20080821-02,210808*5E
$PMGNTRK,5120.187,N,00614.771,E,0000041,M,111319.00,A,20080821-02,210808*58
$PMGNTRK,5120.193,N,00614.747,E,0000042,M,111323.00,A,20080821-02,210808*52
$PMGNTRK,5120.194,N,00614.742,E,0000042,M,111324.00,A,20080821-02,210808*57
$PMGNTRK,5120.201,N,00614.720,E,0000042,M,111328.00,A,20080821-02,210808*50
$PMGNTRK,5120.204,N,00614.716,E,0000042,M,111329.00,A,20080821-02,210808*51
$PMGNTRK,5120.212,N,00614.695,E,0000042,M,111333.00,A,20080821-02,210808*57
$PMGNTRK,5120.215,N,00614.690,E,0000042,M,111334.00,A,20080821-02,210808*52
$PMGNTRK,5120.225,N,00614.672,E,0000042,M,111338.00,A,20080821-02,210808*51
$PMGNTRK,5120.228,N,00614.668,E,0000042,M,111339.00,A,20080821-02,210808*56
$PMGNTRK,5120.239,N,00614.651,E,0000042,M,111343.00,A,20080821-02,210808*51
$PMGNTRK,5120.242,N,00614.647,E,0000042,M,111344.00,A,20080821-02,210808*5D
$PMGNTRK,5120.252,N,00614.632,E,0000041,M,111348.00,A,20080821-02,210808*51
$PMGNTRK,5120.255,N,00614.629,E,0000041,M,111349.00,A,20080821-02,210808*5D
$PMGNTRK,5120.267,N,00614.614,E,0000041,M,111353.00,A,20080821-02,210808*59
$PMGNTRK,5120.270,N,00614.610,E,0000041,M,111354.00,A,20080821-02,210808*5C
$PMGNTRK,5120.280,N,00614.594,E,0000041,M,111358.00,A,20080821-02,210808*50
$PMGNTRK,5120.282,N,00614.591,E,0000041,M,111359.00,A,20080821-02,210808*56
$PMGNTRK,5120.293,N,00614.574,E,0000041,M,111403.00,A,20080821-02,210808*55
$PMGNTRK,5120.295,N,00614.570,E,0000041,M,111404.00,A,20080821-02,210808*50
$PMGNTRK,5120.304,N,00614.552,E,0000041,M,111408.00,A,20080821-02,210808*55
$PMGNTRK,5120.306,N,00614.547,E,0000041,M,111409.00,A,20080821-02,210808*52
$PMGNTRK,5120.315,N,00614.527,E,0000041,M,111413.00,A,20080821-02,210808*5D
$PMGNTRK,5120.317,N,00614.522,E,0000041,M,111414.00,A,20080821-02,210808*5D
$PMGNTRK,5120.324,N,00614.501,E,0000041,M,111418.00,A,20080821-02,210808*50
$PMGNTRK,5120.326,N,00614.495,E,0000041,M,111419.00,A,20080821-02,210808*5F
$PMGNTRK,5120.332,N,00614.474,E,0000041,M,111423.00,A,20080821-02,210808*5C
$PMGNTRK,5120.333,N,00614.468,E,0000041,M,111424.00,A,20080821-02,210808*57
$PMGNTRK,5120.338,N,00614.446,E,0000041,M,111428.00,A,20080821-02,210808*5C
$PMGNTRK,5120.339,N,00614.440,E,0000041,M,111429.00,A,20080821-02,210808*5A
$PMGNTRK,5120.342,N,00614.417,E,0000040,M,111433.00,A,20080821-02,210808*5E
$PMGNTRK,5120.344,N,00614.411,E,0000040,M,111434.00,A,20080821-02,210808*59
$PMGNTRK,5120.346,N,00614.389,E,0000040,M,111438.00,A,20080821-02,210808*51
$PMGNTRK,5120.347,N,00614.383,E,0000040,M,111439.00,A,20080821-02,210808*5B
$PMGNTRK,5120.347,N,00614.360,E,0000040,M,111443.00,A,20080821-02,210808*5B
$PMGNTRK,5120.347,N,00614.354,E,0000040,M,111444.00,A,20080821-02,210808*5B
$PMGNTRK,5120.347,N,00614.330,E,0000040,M,111448.00,A,20080821-02,210808*55
$PMGNTRK,5120.348,N,00614.324,E,0000040,M,111449.00,A,20080821-02,210808*5E
$PMGNTRK,5120.347,N,00614.300,E,0000040,M,111453.00,A,20080821-02,210808*5C
$PMGNTRK,5120.347,N,00614.294,E,0000040,M,111454.00,A,20080821-02,210808*57
$PMGNTRK,5120.347,N,00614.269,E,0000039,M,111458.00,A,20080821-02,210808*57
$PMGNTRK,5120.347,N,00614.263,E,0000039,M,111459.00,A,20080821-02,210808*5C
$PMGNTRK,5120.348,N,00614.238,E,0000039,M,111503.00,A,20080821-02,210808*53
$PMGNTRK,5120.348,N,00614.232,E,0000039,M,111504.00,A,20080821-02,210808*5E
$PMGNTRK,5120.348,N,00614.207,E,0000038,M,111508.00,A,20080821-02,210808*55
$PMGNTRK,5120.348,N,00614.201,E,0000038,M,111509.00,A,20080821-02,210808*52
$PMGNTRK,5120.348,N,00614.176,E,0000038,M,111513.00,A,20080821-02,210808*5A
$PMGNTRK,5120.348,N,00614.170,E,0000038,M,111514.00,A,20080821-02,210808*5B
$PMGNTRK,5120.348,N,00614.145,E,0000038,M,111518.00,A,20080821-02,210808*51
$PMGNTRK,5120.349,N,00614.139,E,0000038,M,111519.00,A,20080821-02,210808*5A
$PMGNTRK,5120.350,N,00614.114,E,0000037,M,111523.00,A,20080821-02,210808*5B
$PMGNTRK,5120.350,N,00614.108,E,0000037,M,111524.00,A,20080821-02,210808*51
$PMGNTRK,5120.350,N,00614.085,E,0000037,M,111528.00,A,20080821-02,210808*59
$PMGNTRK,5120.350,N,00614.079,E,0000037,M,111529.00,A,20080821-02,210808*5B
$PMGNTRK,5120.350,N,00614.055,E,0000038,M,111533.00,A,20080821-02,210808*51
$PMGNTRK,5120.351,N,00614.049,E,0000038,M,111534.00,A,20080821-02,210808*5A
$PMGNTRK,5120.350,N,00614.027,E,0000038,M,111538.00,A,20080821-02,210808*5F
$PMGNTRK,5120.350,N,00614.021,E,0000038,M,111539.00,A,20080821-02,210808*58
$PMGNTRK,5120.344,N,00613.999,E,0000038,M,111544.00,A,20080821-02,210808*5A
$PMGNTRK,5120.341,N,00613.996,E,0000039,M,111545.00,A,20080821-02,210808*50
$PMGNTRK,5120.326,N,00613.990,E,0000039,M,111550.00,A,20080821-02,210808*53
$PMGNTRK,5120.323,N,00613.989,E,0000039,M,111551.00,A,20080821-02,210808*5F
$PMGNTRK,5120.307,N,00613.984,E,0000040,M,111556.00,A,20080821-02,210808*5D
$PMGNTRK,5120.303,N,00613.983,E,0000040,M,111557.00,A,20080821-02,210808*5F
$PMGNTRK,5120.290,N,00613.980,E,0000041,M,111601.00,A,20080821-02,210808*56
$PMGNTRK,5120.287,N,00613.979,E,0000041,M,111602.00,A,20080821-02,210808*55
$PMGNTRK,5120.270,N,00613.979,E,0000043,M,111607.00,A,20080821-02,210808*5A
$PMGNTRK,5120.266,N,00613.978,E,0000043,M,111608.00,A,20080821-02,210808*53
$PMGNTRK,5120.252,N,00613.973,E,0000044,M,111612.00,A,20080821-02,210808*53
$PMGNTRK,5120.249,N,00613.971,E,0000044,M,111613.00,A,20080821-02,210808*5A
$PMGNTRK,5120.236,N,00613.961,E,0000045,M,111617.00,A,20080821-02,210808*56
$PMGNTRK,5120.233,N,00613.958,E,0000045,M,111618.00,A,20080821-02,210808*56
$PMGNTRK,5120.222,N,00613.945,E,0000045,M,111622.00,A,20080821-02,210808*53
$PMGNTRK,5120.219,N,00613.942,E,0000045,M,111623.00,A,20080821-02,210808*5D
$PMGNTRK,5120.207,N,00613.924,E,0000046,M,111628.00,A,20080821-02,210808*5A
$PMGNTRK,5120.204,N,00613.920,E,0000047,M,111629.00,A,20080821-02,210808*5D
$PMGNTRK,5120.197,N,00613.897,E,0000047,M,111634.00,A,20080821-02,210808*55
$PMGNTRK,5120.195,N,00613.892,E,0000047,M,111635.00,A,20080821-02,210808*53
$PMGNTRK,5120.193,N,00613.867,E,0000047,M,111640.00,A,20080821-02,210808*5D
$PMGNTRK,5120.194,N,00613.862,E,0000047,M,111641.00,A,20080821-02,210808*5E
$PMGNTRK,5120.198,N,00613.836,E,0000047,M,111646.00,A,20080821-02,210808*54
$PMGNTRK,5120.198,N,00613.831,E,0000047,M,111647.00,A,20080821-02,210808*52
$PMGNTRK,5120.203,N,00613.805,E,0000047,M,111652.00,A,20080821-02,210808*50
$PMGNTRK,5120.203,N,00613.801,E,0000046,M,111653.00,A,20080821-02,210808*54
$PMGNTRK,5120.207,N,00613.776,E,0000046,M,111658.00,A,20080821-02,210808*54
$PMGNTRK,5120.208,N,00613.771,E,0000047,M,111659.00,A,20080821-02,210808*5C
$PMGNTRK,5120.207,N,00613.745,E,0000050,M,111705.00,A,20080821-02,210808*5A
$PMGNTRK,5120.206,N,00613.741,E,0000051,M,111706.00,A,20080821-02,210808*5D
$PMGNTRK,5120.200,N,00613.718,E,0000051,M,111711.00,A,20080821-02,210808*51
$PMGNTRK,5120.198,N,00613.714,E,0000051,M,111712.00,A,20080821-02,210808*5C
$PMGNTRK,5120.192,N,00613.694,E,0000051,M,111718.00,A,20080821-02,210808*55
$PMGNTRK,5120.189,N,00613.692,E,0000051,M,111719.00,A,20080821-02,210808*58
$PMGNTRK,5120.174,N,00613.688,E,0000050,M,111725.00,A,20080821-02,210808*5F
$PMGNTRK,5120.171,N,00613.687,E,0000050,M,111726.00,A,20080821-02,210808*56
$PMGNTRK,5120.156,N,00613.681,E,0000049,M,111731.00,A,20080821-02,210808*5B
$PMGNTRK,5120.153,N,00613.680,E,0000049,M,111732.00,A,20080821-02,210808*5C
$PMGNTRK,5120.139,N,00613.675,E,0000049,M,111737.00,A,20080821-02,210808*5F
$PMGNTRK,5120.137,N,00613.674,E,0000049,M,111738.00,A,20080821-02,210808*5F
$PMGNTRK,5120.125,N,00613.689,E,0000048,M,111744.00,A,20080821-02,210808*54
$PMGNTRK,5120.123,N,00613.692,E,0000048,M,111745.00,A,20080821-02,210808*59
$PMGNTRK,5120.111,N,00613.710,E,0000047,M,111750.00,A,20080821-02,210808*58
$PMGNTRK,5120.110,N,00613.714,E,0000047,M,111751.00,A,20080821-02,210808*5C
$PMGNTRK,5120.098,N,00613.730,E,0000047,M,111756.00,A,20080821-02,210808*5C
$PMGNTRK,5120.095,N,00613.734,E,0000047,M,111757.00,A,20080821-02,210808*54
$PMGNTRK,5120.084,N,00613.751,E,0000047,M,111802.00,A,20080821-02,210808*58
$PMGNTRK,5120.083,N,00613.754,E,0000047,M,111803.00,A,20080821-02,210808*5B
$PMGNTRK,5120.068,N,00613.767,E,0000047,M,111808.00,A,20080821-02,210808*55
$PMGNTRK,5120.065,N,00613.768,E,0000047,M,111809.00,A,20080821-02,210808*56
$PMGNTRK,5120.051,N,00613.765,E,0000047,M,111814.00,A,20080821-02,210808*50
$PMGNTRK,5120.048,N,00613.763,E,0000047,M,111815.00,A,20080821-02,210808*5F
$PMGNTRK,5120.037,N,00613.746,E,0000047,M,111821.00,A,20080821-02,210808*57
$PMGNTRK,5120.036,N,00613.742,E,0000047,M,111822.00,A,20080821-02,210808*51
$PMGNTRK,5120.035,N,00613.717,E,0000046,M,111828.00,A,20080821-02,210808*59
$PMGNTRK,5120.035,N,00613.713,E,0000046,M,111829.00,A,20080821-02,210808*5C
$PMGNTRK,5120.033,N,00613.735,E,0000045,M,111846.00,A,20080821-02,210808*54
$PMGNTRK,5120.033,N,00613.739,E,0000045,M,111847.00,A,20080821-02,210808*59
$PMGNTRK,5120.042,N,00613.760,E,0000044,M,111852.00,A,20080821-02,210808*56
$PMGNTRK,5120.045,N,00613.764,E,0000044,M,111853.00,A,20080821-02,210808*54
$PMGNTRK,5120.057,N,00613.772,E,0000043,M,111857.00,A,20080821-02,210808*53
$PMGNTRK,5120.060,N,00613.773,E,0000043,M,111858.00,A,20080821-02,210808*59
$PMGNTRK,5120.077,N,00613.766,E,0000043,M,111903.00,A,20080821-02,210808*54
$PMGNTRK,5120.079,N,00613.763,E,0000043,M,111904.00,A,20080821-02,210808*58
$PMGNTRK,5120.089,N,00613.747,E,0000043,M,111909.00,A,20080821-02,210808*5C
$PMGNTRK,5120.092,N,00613.744,E,0000043,M,111910.00,A,20080821-02,210808*5D
$PMGNTRK,5120.101,N,00613.729,E,0000043,M,111915.00,A,20080821-02,210808*58
$PMGNTRK,5120.104,N,00613.726,E,0000043,M,111916.00,A,20080821-02,210808*51
$PMGNTRK,5120.116,N,00613.707,E,0000043,M,111921.00,A,20080821-02,210808*55
$PMGNTRK,5120.117,N,00613.703,E,0000042,M,111922.00,A,20080821-02,210808*52
$PMGNTRK,5120.129,N,00613.684,E,0000042,M,111927.00,A,20080821-02,210808*54
$PMGNTRK,5120.131,N,00613.680,E,0000042,M,111928.00,A,20080821-02,210808*56
$PMGNTRK,5120.146,N,00613.680,E,0000041,M,111957.00,A,20080821-02,210808*5D
$PMGNTRK,5120.149,N,00613.681,E,0000041,M,111958.00,A,20080821-02,210808*5C
$PMGNTRK,5120.163,N,00613.686,E,0000041,M,112003.00,A,20080821-02,210808*57
$PMGNTRK,5120.165,N,00613.687,E,0000041,M,112004.00,A,20080821-02,210808*57
$PMGNTRK,5120.180,N,00613.690,E,0000042,M,112009.00,A,20080821-02,210808*54
$PMGNTRK,5120.183,N,00613.690,E,0000042,M,112010.00,A,20080821-02,210808*5F
$PMGNTRK,5120.192,N,00613.708,E,0000041,M,112015.00,A,20080821-02,210808*59
$PMGNTRK,5120.193,N,00613.712,E,0000041,M,112016.00,A,20080821-02,210808*50
$PMGNTRK,5120.198,N,00613.732,E,0000041,M,112020.00,A,20080821-02,210808*5C
$PMGNTRK,5120.200,N,00613.737,E,0000041,M,112021.00,A,20080821-02,210808*5A
$PMGNTRK,5120.205,N,00613.758,E,0000040,M,112025.00,A,20080821-02,210808*53
$PMGNTRK,5120.206,N,00613.763,E,0000040,M,112026.00,A,20080821-02,210808*5B
$PMGNTRK,5120.204,N,00613.786,E,0000040,M,112030.00,A,20080821-02,210808*55
$PMGNTRK,5120.203,N,00613.791,E,0000040,M,112031.00,A,20080821-02,210808*55
$PMGNTRK,5120.201,N,00613.812,E,0000040,M,112035.00,A,20080821-02,210808*57
$PMGNTRK,5120.200,N,00613.817,E,0000040,M,112036.00,A,20080821-02,210808*50
$PMGNTRK,5120.197,N,00613.841,E,0000041,M,112041.00,A,20080821-02,210808*5F
$PMGNTRK,5120.195,N,00613.845,E,0000041,M,112042.00,A,20080821-02,210808*5A
$PMGNTRK,5120.185,N,00613.832,E,0000040,M,112102.00,A,20080821-02,210808*5F
$PMGNTRK,5120.182,N,00613.831,E,0000040,M,112103.00,A,20080821-02,210808*5A
$PMGNTRK,5120.167,N,00613.827,E,0000040,M,112108.00,A,20080821-02,210808*5D
$PMGNTRK,5120.164,N,00613.826,E,0000040,M,112109.00,A,20080821-02,210808*5E
$PMGNTRK,5120.149,N,00613.822,E,0000041,M,112114.00,A,20080821-02,210808*58
$PMGNTRK,5120.146,N,00613.822,E,0000041,M,112115.00,A,20080821-02,210808*56
$PMGNTRK,5120.130,N,00613.818,E,0000042,M,112120.00,A,20080821-02,210808*5B
$PMGNTRK,5120.127,N,00613.817,E,0000042,M,112121.00,A,20080821-02,210808*53
$PMGNTRK,5120.111,N,00613.814,E,0000043,M,112126.00,A,20080821-02,210808*53
$PMGNTRK,5120.108,N,00613.813,E,0000043,M,112127.00,A,20080821-02,210808*5D
$PMGNTRK,5120.093,N,00613.809,E,0000044,M,112132.00,A,20080821-02,210808*56
$PMGNTRK,5120.090,N,00613.808,E,0000044,M,112133.00,A,20080821-02,210808*55
$PMGNTRK,5120.074,N,00613.807,E,0000045,M,112138.00,A,20080821-02,210808*5A
$PMGNTRK,5120.070,N,00613.807,E,0000046,M,112139.00,A,20080821-02,210808*5C
$PMGNTRK,5120.054,N,00613.807,E,0000047,M,112144.00,A,20080821-02,210808*51
$PMGNTRK,5120.051,N,00613.807,E,0000047,M,112145.00,A,20080821-02,210808*55
$PMGNTRK,5120.035,N,00613.808,E,0000048,M,112150.00,A,20080821-02,210808*53
$PMGNTRK,5120.032,N,00613.808,E,0000048,M,112151.00,A,20080821-02,210808*55
$PMGNTRK,5120.015,N,00613.808,E,0000049,M,112156.00,A,20080821-02,210808*56
$PMGNTRK,5120.012,N,00613.808,E,0000049,M,112157.00,A,20080821-02,210808*50
$PMGNTRK,5119.995,N,00613.808,E,0000050,M,112202.00,A,20080821-02,210808*57
$PMGNTRK,5119.992,N,00613.809,E,0000050,M,112203.00,A,20080821-02,210808*50
$PMGNTRK,5119.978,N,00613.809,E,0000050,M,112207.00,A,20080821-02,210808*50
$PMGNTRK,5119.975,N,00613.810,E,0000050,M,112208.00,A,20080821-02,210808*5A
$PMGNTRK,5119.961,N,00613.810,E,0000051,M,112212.00,A,20080821-02,210808*55
$PMGNTRK,5119.958,N,00613.810,E,0000051,M,112213.00,A,20080821-02,210808*5E
$PMGNTRK,5119.944,N,00613.810,E,0000051,M,112217.00,A,20080821-02,210808*57
$PMGNTRK,5119.940,N,00613.810,E,0000051,M,112218.00,A,20080821-02,210808*5C
$PMGNTRK,5119.927,N,00613.811,E,0000052,M,112222.00,A,20080821-02,210808*56
$PMGNTRK,5119.924,N,00613.811,E,0000052,M,112223.00,A,20080821-02,210808*54
$PMGNTRK,5119.910,N,00613.811,E,0000052,M,112227.00,A,20080821-02,210808*57
$PMGNTRK,5119.906,N,00613.812,E,0000052,M,112228.00,A,20080821-02,210808*5C
$PMGNTRK,5119.891,N,00613.813,E,0000053,M,112233.00,A,20080821-02,210808*59
$PMGNTRK,5119.887,N,00613.813,E,0000053,M,112234.00,A,20080821-02,210808*59
$PMGNTRK,5119.871,N,00613.814,E,0000054,M,112239.00,A,20080821-02,210808*5D
$PMGNTRK,5119.867,N,00613.814,E,0000054,M,112240.00,A,20080821-02,210808*54
$PMGNTRK,5119.850,N,00613.814,E,0000054,M,112245.00,A,20080821-02,210808*55
$PMGNTRK,5119.847,N,00613.814,E,0000054,M,112246.00,A,20080821-02,210808*50
$PMGNTRK,5119.830,N,00613.814,E,0000054,M,112251.00,A,20080821-02,210808*56
$PMGNTRK,5119.827,N,00613.814,E,0000054,M,112252.00,A,20080821-02,210808*53
$PMGNTRK,5119.813,N,00613.815,E,0000054,M,112256.00,A,20080821-02,210808*51
$PMGNTRK,5119.810,N,00613.815,E,0000054,M,112257.00,A,20080821-02,210808*53
$PMGNTRK,5119.796,N,00613.816,E,0000054,M,112301.00,A,20080821-02,210808*53
$PMGNTRK,5119.793,N,00613.816,E,0000054,M,112302.00,A,20080821-02,210808*55
$PMGNTRK,5119.778,N,00613.816,E,0000054,M,112306.00,A,20080821-02,210808*54
$PMGNTRK,5119.775,N,00613.816,E,0000055,M,112307.00,A,20080821-02,210808*59
$PMGNTRK,5119.761,N,00613.817,E,0000055,M,112311.00,A,20080821-02,210808*5A
$PMGNTRK,5119.758,N,00613.816,E,0000055,M,112312.00,A,20080821-02,210808*52
$PMGNTRK,5119.744,N,00613.817,E,0000055,M,112316.00,A,20080821-02,210808*5A
$PMGNTRK,5119.741,N,00613.817,E,0000055,M,112317.00,A,20080821-02,210808*5E
$PMGNTRK,5119.727,N,00613.817,E,0000055,M,112321.00,A,20080821-02,210808*5B
$PMGNTRK,5119.724,N,00613.817,E,0000055,M,112322.00,A,20080821-02,210808*5B
$PMGNTRK,5119.710,N,00613.818,E,0000055,M,112326.00,A,20080821-02,210808*57
$PMGNTRK,5119.706,N,00613.818,E,0000055,M,112327.00,A,20080821-02,210808*51
$PMGNTRK,5119.692,N,00613.819,E,0000055,M,112331.00,A,20080821-02,210808*5B
$PMGNTRK,5119.688,N,00613.819,E,0000055,M,112332.00,A,20080821-02,210808*53
$PMGNTRK,5119.673,N,00613.819,E,0000054,M,112336.00,A,20080821-02,210808*52
$PMGNTRK,5119.669,N,00613.820,E,0000054,M,112337.00,A,20080821-02,210808*52
$PMGNTRK,5119.655,N,00613.820,E,0000053,M,112341.00,A,20080821-02,210808*5B
$PMGNTRK,5119.651,N,00613.820,E,0000052,M,112342.00,A,20080821-02,210808*5D
$PMGNTRK,5119.636,N,00613.821,E,0000052,M,112346.00,A,20080821-02,210808*59
$PMGNTRK,5119.632,N,00613.821,E,0000051,M,112347.00,A,20080821-02,210808*5F
$PMGNTRK,5119.616,N,00613.821,E,0000051,M,112351.00,A,20080821-02,210808*5E
$PMGNTRK,5119.612,N,00613.822,E,0000050,M,112352.00,A,20080821-02,210808*5B
$PMGNTRK,5119.596,N,00613.822,E,0000049,M,112356.00,A,20080821-02,210808*58
$PMGNTRK,5119.592,N,00613.822,E,0000049,M,112357.00,A,20080821-02,210808*5D
$PMGNTRK,5119.575,N,00613.822,E,0000047,M,112401.00,A,20080821-02,210808*5E
$PMGNTRK,5119.571,N,00613.822,E,0000047,M,112402.00,A,20080821-02,210808*59
$PMGNTRK,5119.564,N,00613.801,E,0000046,M,112410.00,A,20080821-02,210808*5E
$PMGNTRK,5119.565,N,00613.797,E,0000046,M,112411.00,A,20080821-02,210808*5E
$PMGNTRK,5119.566,N,00613.773,E,0000045,M,112416.00,A,20080821-02,210808*53
$PMGNTRK,5119.566,N,00613.768,E,0000045,M,112417.00,A,20080821-02,210808*58
$PMGNTRK,5119.570,N,00613.742,E,0000044,M,112422.00,A,20080821-02,210808*50
$PMGNTRK,5119.571,N,00613.738,E,0000044,M,112423.00,A,20080821-02,210808*5D
$PMGNTRK,5119.584,N,00613.724,E,0000043,M,112428.00,A,20080821-02,210808*56
$PMGNTRK,5119.588,N,00613.724,E,0000043,M,112429.00,A,20080821-02,210808*5B
$PMGNTRK,5119.601,N,00613.721,E,0000045,M,112434.00,A,20080821-02,210808*56
$PMGNTRK,5119.603,N,00613.720,E,0000045,M,112435.00,A,20080821-02,210808*54
$PMGNTRK,5119.589,N,00613.721,E,0000046,M,112444.00,A,20080821-02,210808*51
$PMGNTRK,5119.587,N,00613.723,E,0000045,M,112445.00,A,20080821-02,210808*5F
$PMGNTRK,5119.579,N,00613.704,E,0000044,M,112451.00,A,20080821-02,210808*5F
$PMGNTRK,5119.579,N,00613.699,E,0000044,M,112452.00,A,20080821-02,210808*59
$PMGNTRK,5119.579,N,00613.675,E,0000043,M,112457.00,A,20080821-02,210808*59
$PMGNTRK,5119.578,N,00613.670,E,0000042,M,112458.00,A,20080821-02,210808*53
$PMGNTRK,5119.577,N,00613.646,E,0000041,M,112503.00,A,20080821-02,210808*55
$PMGNTRK,5119.577,N,00613.642,E,0000041,M,112504.00,A,20080821-02,210808*56
$PMGNTRK,5119.580,N,00613.618,E,0000040,M,112509.00,A,20080821-02,210808*5D
$PMGNTRK,5119.580,N,00613.614,E,0000040,M,112510.00,A,20080821-02,210808*59
$PMGNTRK,5119.582,N,00613.589,E,0000041,M,112515.00,A,20080821-02,210808*58
$PMGNTRK,5119.581,N,00613.585,E,0000041,M,112516.00,A,20080821-02,210808*54
$PMGNTRK,5119.580,N,00613.559,E,0000041,M,112521.00,A,20080821-02,210808*50
$PMGNTRK,5119.580,N,00613.553,E,0000042,M,112522.00,A,20080821-02,210808*5A
$PMGNTRK,5119.580,N,00613.528,E,0000042,M,112527.00,A,20080821-02,210808*53
$PMGNTRK,5119.580,N,00613.523,E,0000043,M,112528.00,A,20080821-02,210808*56
$PMGNTRK,5119.580,N,00613.497,E,0000043,M,112533.00,A,20080821-02,210808*52
$PMGNTRK,5119.580,N,00613.492,E,0000043,M,112534.00,A,20080821-02,210808*50
$PMGNTRK,5119.579,N,00613.466,E,0000044,M,112539.00,A,20080821-02,210808*57
$PMGNTRK,5119.579,N,00613.461,E,0000044,M,112540.00,A,20080821-02,210808*5E
$PMGNTRK,5119.579,N,00613.435,E,0000044,M,112545.00,A,20080821-02,210808*5A
$PMGNTRK,5119.579,N,00613.429,E,0000044,M,112546.00,A,20080821-02,210808*54
$PMGNTRK,5119.578,N,00613.402,E,0000045,M,112551.00,A,20080821-02,210808*5B
$PMGNTRK,5119.578,N,00613.397,E,0000045,M,112552.00,A,20080821-02,210808*53
$PMGNTRK,5119.577,N,00613.371,E,0000046,M,112557.00,A,20080821-02,210808*52
$PMGNTRK,5119.577,N,00613.366,E,0000046,M,112558.00,A,20080821-02,210808*5B
$PMGNTRK,5119.577,N,00613.340,E,0000046,M,112603.00,A,20080821-02,210808*52
$PMGNTRK,5119.577,N,00613.335,E,0000046,M,112604.00,A,20080821-02,210808*57
$PMGNTRK,5119.576,N,00613.310,E,0000046,M,112609.00,A,20080821-02,210808*5C
$PMGNTRK,5119.576,N,00613.304,E,0000046,M,112610.00,A,20080821-02,210808*51
$PMGNTRK,5119.576,N,00613.280,E,0000046,M,112615.00,A,20080821-02,210808*59
$PMGNTRK,5119.576,N,00613.276,E,0000046,M,112616.00,A,20080821-02,210808*53
$PMGNTRK,5119.575,N,00613.252,E,0000046,M,112621.00,A,20080821-02,210808*52
$PMGNTRK,5119.575,N,00613.247,E,0000046,M,112622.00,A,20080821-02,210808*55
$PMGNTRK,5119.574,N,00613.222,E,0000046,M,112627.00,A,20080821-02,210808*52
$PMGNTRK,5119.574,N,00613.217,E,0000046,M,112628.00,A,20080821-02,210808*5B
$PMGNTRK,5119.574,N,00613.195,E,0000045,M,112632.00,A,20080821-02,210808*5A
$PMGNTRK,5119.574,N,00613.190,E,0000044,M,112633.00,A,20080821-02,210808*5F
$PMGNTRK,5119.574,N,00613.166,E,0000043,M,112637.00,A,20080821-02,210808*55
$PMGNTRK,5119.573,N,00613.160,E,0000042,M,112638.00,A,20080821-02,210808*5A
$PMGNTRK,5119.573,N,00613.135,E,0000041,M,112642.00,A,20080821-02,210808*54
$PMGNTRK,5119.573,N,00613.129,E,0000041,M,112643.00,A,20080821-02,210808*58
$PMGNTRK,5119.573,N,00613.103,E,0000040,M,112647.00,A,20080821-02,210808*55
$PMGNTRK,5119.561,N,00613.085,E,0000034,M,112649.00,A,20080821-02,210808*54
$PMGNTRK,5119.561,N,00613.060,E,0000051,M,112651.00,A,20080821-02,210808*55
$PMGNTRK,5119.572,N,00613.066,E,0000043,M,112652.00,A,20080821-02,210808*51
$PMGNTRK,5119.573,N,00613.042,E,0000059,M,112656.00,A,20080821-02,210808*59
$PMGNTRK,5119.573,N,00613.034,E,0000060,M,112657.00,A,20080821-02,210808*53
$PMGNTRK,5119.574,N,00613.012,E,0000063,M,112701.00,A,20080821-02,210808*51
$PMGNTRK,5119.574,N,00613.007,E,0000064,M,112702.00,A,20080821-02,210808*51
$PMGNTRK,5119.574,N,00612.983,E,0000063,M,112706.00,A,20080821-02,210808*56
$PMGNTRK,5119.574,N,00612.979,E,0000062,M,112707.00,A,20080821-02,210808*53
$PMGNTRK,5119.574,N,00612.954,E,0000060,M,112712.00,A,20080821-02,210808*5A
$PMGNTRK,5119.573,N,00612.950,E,0000059,M,112713.00,A,20080821-02,210808*52
$PMGNTRK,5119.571,N,00612.927,E,0000057,M,112719.00,A,20080821-02,210808*54
$PMGNTRK,5119.571,N,00612.923,E,0000056,M,112720.00,A,20080821-02,210808*5B
$PMGNTRK,5119.571,N,00612.898,E,0000054,M,112726.00,A,20080821-02,210808*5E
$PMGNTRK,5119.571,N,00612.893,E,0000054,M,112727.00,A,20080821-02,210808*54
$PMGNTRK,5119.571,N,00612.871,E,0000052,M,112732.00,A,20080821-02,210808*5A
$PMGNTRK,5119.571,N,00612.866,E,0000051,M,112733.00,A,20080821-02,210808*5E
$PMGNTRK,5119.571,N,00612.842,E,0000050,M,112738.00,A,20080821-02,210808*52
$PMGNTRK,5119.571,N,00612.838,E,0000050,M,112739.00,A,20080821-02,210808*5E
$PMGNTRK,5119.573,N,00612.814,E,0000049,M,112744.00,A,20080821-02,210808*50
$PMGNTRK,5119.574,N,00612.809,E,0000049,M,112745.00,A,20080821-02,210808*5A
$PMGNTRK,5119.578,N,00612.788,E,0000048,M,112750.00,A,20080821-02,210808*55
$PMGNTRK,5119.579,N,00612.784,E,0000048,M,112751.00,A,20080821-02,210808*59
$PMGNTRK,5119.574,N,00612.761,E,0000047,M,112757.00,A,20080821-02,210808*56
$PMGNTRK,5119.571,N,00612.760,E,0000047,M,112758.00,A,20080821-02,210808*5D
$PMGNTRK,5119.558,N,00612.755,E,0000047,M,112803.00,A,20080821-02,210808*51
$PMGNTRK,5119.555,N,00612.753,E,0000047,M,112804.00,A,20080821-02,210808*5D
$PMGNTRK,5119.542,N,00612.740,E,0000047,M,112809.00,A,20080821-02,210808*54
$PMGNTRK,5119.540,N,00612.737,E,0000047,M,112810.00,A,20080821-02,210808*5E
$PMGNTRK,5119.529,N,00612.720,E,0000047,M,112815.00,A,20080821-02,210808*52
$PMGNTRK,5119.526,N,00612.717,E,0000047,M,112816.00,A,20080821-02,210808*5A
$PMGNTRK,5119.516,N,00612.700,E,0000047,M,112821.00,A,20080821-02,210808*5B
$PMGNTRK,5119.513,N,00612.696,E,0000047,M,112822.00,A,20080821-02,210808*53
$PMGNTRK,5119.502,N,00612.678,E,0000047,M,112827.00,A,20080821-02,210808*56
$PMGNTRK,5119.499,N,00612.674,E,0000047,M,112828.00,A,20080821-02,210808*56
$PMGNTRK,5119.487,N,00612.662,E,0000047,M,112833.00,A,20080821-02,210808*54
$PMGNTRK,5119.484,N,00612.662,E,0000046,M,112834.00,A,20080821-02,210808*51
$PMGNTRK,5119.474,N,00612.648,E,0000046,M,112844.00,A,20080821-02,210808*51
$PMGNTRK,5119.474,N,00612.644,E,0000046,M,112845.00,A,20080821-02,210808*5C
$PMGNTRK,5119.467,N,00612.625,E,0000045,M,112850.00,A,20080821-02,210808*5E
$PMGNTRK,5119.465,N,00612.621,E,0000045,M,112851.00,A,20080821-02,210808*59
$PMGNTRK,5119.453,N,00612.602,E,0000045,M,112856.00,A,20080821-02,210808*5A
$PMGNTRK,5119.451,N,00612.598,E,0000045,M,112857.00,A,20080821-02,210808*59
$PMGNTRK,5119.439,N,00612.579,E,0000046,M,112902.00,A,20080821-02,210808*5A
$PMGNTRK,5119.437,N,00612.575,E,0000046,M,112903.00,A,20080821-02,210808*59
$PMGNTRK,5119.427,N,00612.560,E,0000046,M,112907.00,A,20080821-02,210808*58
$PMGNTRK,5119.425,N,00612.555,E,0000046,M,112908.00,A,20080821-02,210808*53
$PMGNTRK,5119.415,N,00612.539,E,0000046,M,112912.00,A,20080821-02,210808*51
$PMGNTRK,5119.413,N,00612.536,E,0000046,M,112913.00,A,20080821-02,210808*59
$PMGNTRK,5119.402,N,00612.518,E,0000046,M,112918.00,A,20080821-02,210808*5E
$PMGNTRK,5119.399,N,00612.515,E,0000046,M,112919.00,A,20080821-02,210808*57
$PMGNTRK,5119.388,N,00612.499,E,0000047,M,112925.00,A,20080821-02,210808*5C
$PMGNTRK,5119.387,N,00612.498,E,0000047,M,112926.00,A,20080821-02,210808*51
$PMGNTRK,5119.377,N,00612.519,E,0000046,M,112932.00,A,20080821-02,210808*52
$PMGNTRK,5119.375,N,00612.524,E,0000046,M,112933.00,A,20080821-02,210808*5F
$PMGNTRK,5119.370,N,00612.544,E,0000046,M,112937.00,A,20080821-02,210808*58
$PMGNTRK,5119.368,N,00612.548,E,0000046,M,112938.00,A,20080821-02,210808*52
$PMGNTRK,5119.354,N,00612.562,E,0000046,M,112943.00,A,20080821-02,210808*59
$PMGNTRK,5119.351,N,00612.563,E,0000046,M,112944.00,A,20080821-02,210808*5A
$PMGNTRK,5119.336,N,00612.574,E,0000047,M,112949.00,A,20080821-02,210808*51
$PMGNTRK,5119.333,N,00612.575,E,0000047,M,112950.00,A,20080821-02,210808*5D
$PMGNTRK,5119.319,N,00612.586,E,0000048,M,112955.00,A,20080821-02,210808*53
$PMGNTRK,5119.317,N,00612.587,E,0000048,M,112956.00,A,20080821-02,210808*5F
$PMGNTRK,5119.304,N,00612.597,E,0000048,M,113001.00,A,20080821-02,210808*56
$PMGNTRK,5119.301,N,00612.599,E,0000048,M,113002.00,A,20080821-02,210808*5E
$PMGNTRK,5119.288,N,00612.608,E,0000049,M,113007.00,A,20080821-02,210808*51
$PMGNTRK,5119.285,N,00612.610,E,0000049,M,113008.00,A,20080821-02,210808*5A
$PMGNTRK,5119.272,N,00612.619,E,0000050,M,113013.00,A,20080821-02,210808*59
$PMGNTRK,5119.269,N,00612.622,E,0000050,M,113014.00,A,20080821-02,210808*5C
$PMGNTRK,5119.255,N,00612.631,E,0000051,M,113019.00,A,20080821-02,210808*5D
$PMGNTRK,5119.252,N,00612.633,E,0000051,M,113020.00,A,20080821-02,210808*52
$PMGNTRK,5119.238,N,00612.643,E,0000052,M,113025.00,A,20080821-02,210808*5F
$PMGNTRK,5119.235,N,00612.644,E,0000052,M,113026.00,A,20080821-02,210808*56
$PMGNTRK,5119.220,N,00612.655,E,0000052,M,113031.00,A,20080821-02,210808*54
$PMGNTRK,5119.217,N,00612.656,E,0000052,M,113032.00,A,20080821-02,210808*50
$PMGNTRK,5119.202,N,00612.667,E,0000052,M,113037.00,A,20080821-02,210808*53
$PMGNTRK,5119.199,N,00612.668,E,0000053,M,113038.00,A,20080821-02,210808*53
$PMGNTRK,5119.184,N,00612.679,E,0000053,M,113043.00,A,20080821-02,210808*53
$PMGNTRK,5119.181,N,00612.681,E,0000053,M,113044.00,A,20080821-02,210808*56
$PMGNTRK,5119.166,N,00612.691,E,0000054,M,113049.00,A,20080821-02,210808*54
$PMGNTRK,5119.163,N,00612.694,E,0000054,M,113050.00,A,20080821-02,210808*5C
$PMGNTRK,5119.148,N,00612.704,E,0000054,M,113055.00,A,20080821-02,210808*58
$PMGNTRK,5119.145,N,00612.706,E,0000054,M,113056.00,A,20080821-02,210808*54
$PMGNTRK,5119.130,N,00612.716,E,0000054,M,113101.00,A,20080821-02,210808*54
$PMGNTRK,5119.127,N,00612.718,E,0000054,M,113102.00,A,20080821-02,210808*5F
$PMGNTRK,5119.114,N,00612.727,E,0000054,M,113106.00,A,20080821-02,210808*57
$PMGNTRK,5119.111,N,00612.729,E,0000054,M,113107.00,A,20080821-02,210808*5D
$PMGNTRK,5119.099,N,00612.738,E,0000053,M,113111.00,A,20080821-02,210808*5C
$PMGNTRK,5119.096,N,00612.740,E,0000053,M,113112.00,A,20080821-02,210808*5F
$PMGNTRK,5119.081,N,00612.749,E,0000052,M,113116.00,A,20080821-02,210808*55
$PMGNTRK,5119.077,N,00612.752,E,0000051,M,113117.00,A,20080821-02,210808*54
$PMGNTRK,5119.062,N,00612.762,E,0000050,M,113121.00,A,20080821-02,210808*57
$PMGNTRK,5119.058,N,00612.764,E,0000050,M,113122.00,A,20080821-02,210808*5B
$PMGNTRK,5119.045,N,00612.770,E,0000048,M,113126.00,A,20080821-02,210808*5F
$PMGNTRK,5119.042,N,00612.769,E,0000048,M,113127.00,A,20080821-02,210808*51
$PMGNTRK,5119.030,N,00612.755,E,0000047,M,113132.00,A,20080821-02,210808*50
$PMGNTRK,5119.027,N,00612.757,E,0000047,M,113133.00,A,20080821-02,210808*55
$PMGNTRK,5119.015,N,00612.764,E,0000047,M,113137.00,A,20080821-02,210808*50
$PMGNTRK,5119.011,N,00612.766,E,0000047,M,113138.00,A,20080821-02,210808*59
$PMGNTRK,5118.997,N,00612.772,E,0000046,M,113142.00,A,20080821-02,210808*56
$PMGNTRK,5118.994,N,00612.770,E,0000046,M,113143.00,A,20080821-02,210808*56
$PMGNTRK,5118.985,N,00612.752,E,0000045,M,113147.00,A,20080821-02,210808*51
$PMGNTRK,5118.983,N,00612.746,E,0000045,M,113148.00,A,20080821-02,210808*5D
$PMGNTRK,5118.975,N,00612.726,E,0000044,M,113152.00,A,20080821-02,210808*58
$PMGNTRK,5118.973,N,00612.722,E,0000044,M,113153.00,A,20080821-02,210808*5B
$PMGNTRK,5118.961,N,00612.706,E,0000044,M,113158.00,A,20080821-02,210808*55
$PMGNTRK,5118.957,N,00612.708,E,0000043,M,113159.00,A,20080821-02,210808*58
$PMGNTRK,5118.946,N,00612.722,E,0000042,M,113203.00,A,20080821-02,210808*5D
$PMGNTRK,5118.943,N,00612.725,E,0000042,M,113204.00,A,20080821-02,210808*58
$PMGNTRK,5118.932,N,00612.739,E,0000041,M,113208.00,A,20080821-02,210808*5C
$PMGNTRK,5118.930,N,00612.742,E,0000041,M,113209.00,A,20080821-02,210808*53
$PMGNTRK,5118.919,N,00612.761,E,0000041,M,113214.00,A,20080821-02,210808*55
$PMGNTRK,5118.917,N,00612.767,E,0000041,M,113215.00,A,20080821-02,210808*5C
$PMGNTRK,5118.916,N,00612.788,E,0000041,M,113219.00,A,20080821-02,210808*50
$PMGNTRK,5118.916,N,00612.793,E,0000041,M,113220.00,A,20080821-02,210808*50
$PMGNTRK,5118.913,N,00612.815,E,0000042,M,113224.00,A,20080821-02,210808*53
$PMGNTRK,5118.913,N,00612.820,E,0000042,M,113225.00,A,20080821-02,210808*54
$PMGNTRK,5118.910,N,00612.842,E,0000042,M,113229.00,A,20080821-02,210808*5F
$PMGNTRK,5118.909,N,00612.847,E,0000042,M,113230.00,A,20080821-02,210808*5A
$PMGNTRK,5118.904,N,00612.868,E,0000043,M,113234.00,A,20080821-02,210808*5F
$PMGNTRK,5118.902,N,00612.872,E,0000043,M,113235.00,A,20080821-02,210808*53
$PMGNTRK,5118.891,N,00612.886,E,0000043,M,113239.00,A,20080821-02,210808*5F
$PMGNTRK,5118.888,N,00612.889,E,0000043,M,113240.00,A,20080821-02,210808*56
$PMGNTRK,5118.876,N,00612.898,E,0000044,M,113244.00,A,20080821-02,210808*54
$PMGNTRK,5118.873,N,00612.900,E,0000044,M,113245.00,A,20080821-02,210808*50
$PMGNTRK,5118.857,N,00612.909,E,0000044,M,113250.00,A,20080821-02,210808*5B
$PMGNTRK,5118.854,N,00612.910,E,0000045,M,113251.00,A,20080821-02,210808*50
$PMGNTRK,5118.839,N,00612.921,E,0000046,M,113256.00,A,20080821-02,210808*5D
$PMGNTRK,5118.836,N,00612.923,E,0000046,M,113257.00,A,20080821-02,210808*51
$PMGNTRK,5118.824,N,00612.940,E,0000046,M,113302.00,A,20080821-02,210808*56
$PMGNTRK,5118.821,N,00612.943,E,0000047,M,113303.00,A,20080821-02,210808*50
$PMGNTRK,5118.808,N,00612.958,E,0000047,M,113308.00,A,20080821-02,210808*5A
$PMGNTRK,5118.806,N,00612.961,E,0000048,M,113309.00,A,20080821-02,210808*50
$PMGNTRK,5118.794,N,00612.976,E,0000048,M,113314.00,A,20080821-02,210808*5E
$PMGNTRK,5118.791,N,00612.979,E,0000049,M,113315.00,A,20080821-02,210808*54
$PMGNTRK,5118.779,N,00612.995,E,0000049,M,113320.00,A,20080821-02,210808*56
$PMGNTRK,5118.776,N,00612.998,E,0000050,M,113321.00,A,20080821-02,210808*5D
$PMGNTRK,5118.763,N,00613.013,E,0000050,M,113326.00,A,20080821-02,210808*55
$PMGNTRK,5118.761,N,00613.016,E,0000050,M,113327.00,A,20080821-02,210808*53
$PMGNTRK,5118.749,N,00613.031,E,0000051,M,113332.00,A,20080821-02,210808*59
$PMGNTRK,5118.746,N,00613.034,E,0000051,M,113333.00,A,20080821-02,210808*52
$PMGNTRK,5118.735,N,00613.048,E,0000052,M,113338.00,A,20080821-02,210808*55
$PMGNTRK,5118.733,N,00613.051,E,0000052,M,113339.00,A,20080821-02,210808*5A
$PMGNTRK,5118.721,N,00613.064,E,0000053,M,113344.00,A,20080821-02,210808*54
$PMGNTRK,5118.718,N,00613.067,E,0000053,M,113345.00,A,20080821-02,210808*5C
$PMGNTRK,5118.708,N,00613.082,E,0000054,M,113350.00,A,20080821-02,210808*55
$PMGNTRK,5118.706,N,00613.085,E,0000054,M,113351.00,A,20080821-02,210808*5D
$PMGNTRK,5118.696,N,00613.101,E,0000054,M,113356.00,A,20080821-02,210808*5F
$PMGNTRK,5118.694,N,00613.105,E,0000054,M,113357.00,A,20080821-02,210808*58
$PMGNTRK,5118.684,N,00613.122,E,0000055,M,113402.00,A,20080821-02,210808*5A
$PMGNTRK,5118.682,N,00613.126,E,0000055,M,113403.00,A,20080821-02,210808*59
$PMGNTRK,5118.672,N,00613.144,E,0000055,M,113408.00,A,20080821-02,210808*59
$PMGNTRK,5118.670,N,00613.147,E,0000055,M,113409.00,A,20080821-02,210808*59
$PMGNTRK,5118.659,N,00613.166,E,0000056,M,113414.00,A,20080821-02,210808*5E
$PMGNTRK,5118.658,N,00613.169,E,0000056,M,113415.00,A,20080821-02,210808*51
$PMGNTRK,5118.647,N,00613.189,E,0000056,M,113420.00,A,20080821-02,210808*57
$PMGNTRK,5118.644,N,00613.193,E,0000056,M,113421.00,A,20080821-02,210808*5E
$PMGNTRK,5118.634,N,00613.213,E,0000057,M,113426.00,A,20080821-02,210808*54
$PMGNTRK,5118.632,N,00613.216,E,0000057,M,113427.00,A,20080821-02,210808*56
$PMGNTRK,5118.620,N,00613.234,E,0000057,M,113432.00,A,20080821-02,210808*51
$PMGNTRK,5118.618,N,00613.238,E,0000056,M,113433.00,A,20080821-02,210808*56
$PMGNTRK,5118.609,N,00613.255,E,0000055,M,113437.00,A,20080821-02,210808*5A
$PMGNTRK,5118.607,N,00613.259,E,0000055,M,113438.00,A,20080821-02,210808*57
$PMGNTRK,5118.598,N,00613.275,E,0000055,M,113442.00,A,20080821-02,210808*51
$PMGNTRK,5118.595,N,00613.279,E,0000055,M,113443.00,A,20080821-02,210808*51
$PMGNTRK,5118.586,N,00613.295,E,0000054,M,113447.00,A,20080821-02,210808*54
$PMGNTRK,5118.583,N,00613.300,E,0000054,M,113448.00,A,20080821-02,210808*53
$PMGNTRK,5118.574,N,00613.316,E,0000053,M,113452.00,A,20080821-02,210808*50
$PMGNTRK,5118.572,N,00613.321,E,0000053,M,113453.00,A,20080821-02,210808*53
$PMGNTRK,5118.563,N,00613.337,E,0000053,M,113457.00,A,20080821-02,210808*50
$PMGNTRK,5118.560,N,00613.341,E,0000053,M,113458.00,A,20080821-02,210808*5D
$PMGNTRK,5118.551,N,00613.358,E,0000053,M,113502.00,A,20080821-02,210808*59
$PMGNTRK,5118.549,N,00613.363,E,0000053,M,113503.00,A,20080821-02,210808*59
$PMGNTRK,5118.539,N,00613.379,E,0000053,M,113507.00,A,20080821-02,210808*51
$PMGNTRK,5118.537,N,00613.384,E,0000053,M,113508.00,A,20080821-02,210808*52
$PMGNTRK,5118.527,N,00613.401,E,0000053,M,113512.00,A,20080821-02,210808*52
$PMGNTRK,5118.525,N,00613.405,E,0000053,M,113513.00,A,20080821-02,210808*55
$PMGNTRK,5118.516,N,00613.422,E,0000054,M,113517.00,A,20080821-02,210808*53
$PMGNTRK,5118.514,N,00613.426,E,0000054,M,113518.00,A,20080821-02,210808*5A
$PMGNTRK,5118.504,N,00613.442,E,0000054,M,113522.00,A,20080821-02,210808*50
$PMGNTRK,5118.502,N,00613.447,E,0000054,M,113523.00,A,20080821-02,210808*52
$PMGNTRK,5118.493,N,00613.463,E,0000054,M,113527.00,A,20080821-02,210808*59
$PMGNTRK,5118.490,N,00613.466,E,0000054,M,113528.00,A,20080821-02,210808*50
$PMGNTRK,5118.481,N,00613.483,E,0000054,M,113532.00,A,20080821-02,210808*50
$PMGNTRK,5118.478,N,00613.488,E,0000054,M,113533.00,A,20080821-02,210808*5C
$PMGNTRK,5118.467,N,00613.505,E,0000054,M,113537.00,A,20080821-02,210808*52
$PMGNTRK,5118.465,N,00613.510,E,0000054,M,113538.00,A,20080821-02,210808*5B
$PMGNTRK,5118.454,N,00613.528,E,0000054,M,113542.00,A,20080821-02,210808*5F
$PMGNTRK,5118.452,N,00613.532,E,0000054,M,113543.00,A,20080821-02,210808*53
$PMGNTRK,5118.442,N,00613.550,E,0000054,M,113547.00,A,20080821-02,210808*52
$PMGNTRK,5118.439,N,00613.555,E,0000054,M,113548.00,A,20080821-02,210808*54
$PMGNTRK,5118.428,N,00613.573,E,0000055,M,113552.00,A,20080821-02,210808*5A
$PMGNTRK,5118.425,N,00613.577,E,0000055,M,113553.00,A,20080821-02,210808*52
$PMGNTRK,5118.415,N,00613.596,E,0000055,M,113557.00,A,20080821-02,210808*5A
$PMGNTRK,5118.412,N,00613.600,E,0000055,M,113558.00,A,20080821-02,210808*5E
$PMGNTRK,5118.402,N,00613.617,E,0000055,M,113602.00,A,20080821-02,210808*55
$PMGNTRK,5118.400,N,00613.622,E,0000055,M,113603.00,A,20080821-02,210808*50
$PMGNTRK,5118.389,N,00613.640,E,0000055,M,113607.00,A,20080821-02,210808*56
$PMGNTRK,5118.386,N,00613.645,E,0000055,M,113608.00,A,20080821-02,210808*53
$PMGNTRK,5118.376,N,00613.663,E,0000055,M,113612.00,A,20080821-02,210808*53
$PMGNTRK,5118.373,N,00613.667,E,0000055,M,113613.00,A,20080821-02,210808*53
$PMGNTRK,5118.362,N,00613.686,E,0000055,M,113617.00,A,20080821-02,210808*58
$PMGNTRK,5118.359,N,00613.691,E,0000055,M,113618.00,A,20080821-02,210808*59
$PMGNTRK,5118.348,N,00613.710,E,0000054,M,113622.00,A,20080821-02,210808*59
$PMGNTRK,5118.345,N,00613.715,E,0000054,M,113623.00,A,20080821-02,210808*50
$PMGNTRK,5118.334,N,00613.733,E,0000054,M,113627.00,A,20080821-02,210808*56
$PMGNTRK,5118.331,N,00613.738,E,0000054,M,113628.00,A,20080821-02,210808*57
$PMGNTRK,5118.320,N,00613.756,E,0000054,M,113632.00,A,20080821-02,210808*54
$PMGNTRK,5118.318,N,00613.761,E,0000054,M,113633.00,A,20080821-02,210808*5A
$PMGNTRK,5118.307,N,00613.780,E,0000054,M,113637.00,A,20080821-02,210808*5F
$PMGNTRK,5118.304,N,00613.784,E,0000054,M,113638.00,A,20080821-02,210808*57
$PMGNTRK,5118.293,N,00613.803,E,0000055,M,113642.00,A,20080821-02,210808*54
$PMGNTRK,5118.291,N,00613.808,E,0000055,M,113643.00,A,20080821-02,210808*5C
$PMGNTRK,5118.280,N,00613.826,E,0000055,M,113647.00,A,20080821-02,210808*54
$PMGNTRK,5118.277,N,00613.831,E,0000055,M,113648.00,A,20080821-02,210808*55
$PMGNTRK,5118.267,N,00613.849,E,0000055,M,113652.00,A,20080821-02,210808*50
$PMGNTRK,5118.264,N,00613.853,E,0000055,M,113653.00,A,20080821-02,210808*59
$PMGNTRK,5118.254,N,00613.871,E,0000055,M,113657.00,A,20080821-02,210808*5E
$PMGNTRK,5118.251,N,00613.875,E,0000055,M,113658.00,A,20080821-02,210808*50
$PMGNTRK,5118.241,N,00613.894,E,0000054,M,113702.00,A,20080821-02,210808*51
$PMGNTRK,5118.239,N,00613.899,E,0000054,M,113703.00,A,20080821-02,210808*52
$PMGNTRK,5118.228,N,00613.918,E,0000054,M,113707.00,A,20080821-02,210808*5E
$PMGNTRK,5118.226,N,00613.922,E,0000054,M,113708.00,A,20080821-02,210808*56
$PMGNTRK,5118.215,N,00613.942,E,0000053,M,113712.00,A,20080821-02,210808*5C
$PMGNTRK,5118.213,N,00613.946,E,0000053,M,113713.00,A,20080821-02,210808*5F
$PMGNTRK,5118.203,N,00613.967,E,0000053,M,113717.00,A,20080821-02,210808*59
$PMGNTRK,5118.201,N,00613.972,E,0000053,M,113718.00,A,20080821-02,210808*50
$PMGNTRK,5118.191,N,00613.991,E,0000053,M,113722.00,A,20080821-02,210808*5E
$PMGNTRK,5118.188,N,00613.996,E,0000053,M,113723.00,A,20080821-02,210808*50
$PMGNTRK,5118.179,N,00614.014,E,0000053,M,113727.00,A,20080821-02,210808*5E
$PMGNTRK,5118.177,N,00614.019,E,0000053,M,113728.00,A,20080821-02,210808*52
$PMGNTRK,5118.167,N,00614.038,E,0000053,M,113732.00,A,20080821-02,210808*5B
$PMGNTRK,5118.165,N,00614.042,E,0000053,M,113733.00,A,20080821-02,210808*55
$PMGNTRK,5118.155,N,00614.061,E,0000054,M,113737.00,A,20080821-02,210808*54
$PMGNTRK,5118.153,N,00614.066,E,0000054,M,113738.00,A,20080821-02,210808*5A
$PMGNTRK,5118.144,N,00614.084,E,0000054,M,113742.00,A,20080821-02,210808*5D
$PMGNTRK,5118.142,N,00614.089,E,0000054,M,113743.00,A,20080821-02,210808*57
$PMGNTRK,5118.132,N,00614.108,E,0000054,M,113747.00,A,20080821-02,210808*5C
$PMGNTRK,5118.130,N,00614.113,E,0000054,M,113748.00,A,20080821-02,210808*5B
$PMGNTRK,5118.120,N,00614.133,E,0000054,M,113752.00,A,20080821-02,210808*53
$PMGNTRK,5118.118,N,00614.138,E,0000054,M,113753.00,A,20080821-02,210808*52
$PMGNTRK,5118.107,N,00614.157,E,0000055,M,113757.00,A,20080821-02,210808*50
$PMGNTRK,5118.105,N,00614.162,E,0000055,M,113758.00,A,20080821-02,210808*5B
$PMGNTRK,5118.095,N,00614.182,E,0000055,M,113802.00,A,20080821-02,210808*5D
$PMGNTRK,5118.092,N,00614.187,E,0000055,M,113803.00,A,20080821-02,210808*5E
$PMGNTRK,5118.082,N,00614.207,E,0000055,M,113807.00,A,20080821-02,210808*50
$PMGNTRK,5118.080,N,00614.212,E,0000055,M,113808.00,A,20080821-02,210808*59
$PMGNTRK,5118.070,N,00614.233,E,0000055,M,113812.00,A,20080821-02,210808*5E
$PMGNTRK,5118.068,N,00614.239,E,0000055,M,113813.00,A,20080821-02,210808*5C
$PMGNTRK,5118.059,N,00614.262,E,0000055,M,113817.00,A,20080821-02,210808*54
$PMGNTRK,5118.058,N,00614.268,E,0000055,M,113818.00,A,20080821-02,210808*50
$PMGNTRK,5118.049,N,00614.293,E,0000054,M,113822.00,A,20080821-02,210808*5C
$PMGNTRK,5118.047,N,00614.299,E,0000054,M,113823.00,A,20080821-02,210808*59
$PMGNTRK,5118.041,N,00614.318,E,0000054,M,113826.00,A,20080821-02,210808*52
$PMGNTRK,5118.039,N,00614.324,E,0000054,M,113827.00,A,20080821-02,210808*53
$PMGNTRK,5118.031,N,00614.348,E,0000053,M,113831.00,A,20080821-02,210808*51
$PMGNTRK,5118.028,N,00614.355,E,0000053,M,113832.00,A,20080821-02,210808*56
$PMGNTRK,5118.020,N,00614.379,E,0000053,M,113836.00,A,20080821-02,210808*54
$PMGNTRK,5118.018,N,00614.385,E,0000053,M,113837.00,A,20080821-02,210808*5D
$PMGNTRK,5118.010,N,00614.409,E,0000052,M,113841.00,A,20080821-02,210808*56
$PMGNTRK,5118.008,N,00614.415,E,0000052,M,113842.00,A,20080821-02,210808*51
$PMGNTRK,5118.000,N,00614.439,E,0000051,M,113846.00,A,20080821-02,210808*50
$PMGNTRK,5117.998,N,00614.445,E,0000051,M,113847.00,A,20080821-02,210808*5D
$PMGNTRK,5117.990,N,00614.469,E,0000050,M,113851.00,A,20080821-02,210808*5D
$PMGNTRK,5117.987,N,00614.475,E,0000050,M,113852.00,A,20080821-02,210808*55
$PMGNTRK,5117.980,N,00614.499,E,0000049,M,113856.00,A,20080821-02,210808*5C
$PMGNTRK,5117.978,N,00614.505,E,0000049,M,113857.00,A,20080821-02,210808*5E
$PMGNTRK,5117.971,N,00614.527,E,0000047,M,113901.00,A,20080821-02,210808*5B
$PMGNTRK,5117.970,N,00614.531,E,0000047,M,113902.00,A,20080821-02,210808*5E
$PMGNTRK,5117.973,N,00614.555,E,0000046,M,113907.00,A,20080821-02,210808*5B
$PMGNTRK,5117.975,N,00614.561,E,0000046,M,113908.00,A,20080821-02,210808*55
$PMGNTRK,5117.982,N,00614.581,E,0000045,M,113912.00,A,20080821-02,210808*5B
$PMGNTRK,5117.984,N,00614.585,E,0000045,M,113913.00,A,20080821-02,210808*58
$PMGNTRK,5117.993,N,00614.606,E,0000045,M,113917.00,A,20080821-02,210808*52
$PMGNTRK,5117.995,N,00614.611,E,0000045,M,113918.00,A,20080821-02,210808*5D
$PMGNTRK,5118.000,N,00614.634,E,0000044,M,113922.00,A,20080821-02,210808*58
$PMGNTRK,5118.001,N,00614.640,E,0000044,M,113923.00,A,20080821-02,210808*5B
$PMGNTRK,5118.005,N,00614.665,E,0000044,M,113927.00,A,20080821-02,210808*5C
$PMGNTRK,5118.008,N,00614.670,E,0000044,M,113928.00,A,20080821-02,210808*5A
$PMGNTRK,5118.017,N,00614.689,E,0000044,M,113932.00,A,20080821-02,210808*59
$PMGNTRK,5118.020,N,00614.693,E,0000044,M,113933.00,A,20080821-02,210808*57
$PMGNTRK,5118.034,N,00614.702,E,0000045,M,113937.00,A,20080821-02,210808*5E
$PMGNTRK,5118.038,N,00614.705,E,0000044,M,113938.00,A,20080821-02,210808*5B
$PMGNTRK,5118.051,N,00614.716,E,0000045,M,113942.00,A,20080821-02,210808*5A
$PMGNTRK,5118.055,N,00614.718,E,0000045,M,113943.00,A,20080821-02,210808*51
$PMGNTRK,5118.068,N,00614.729,E,0000045,M,113947.00,A,20080821-02,210808*59
$PMGNTRK,5118.072,N,00614.732,E,0000045,M,113948.00,A,20080821-02,210808*57
$PMGNTRK,5118.086,N,00614.744,E,0000044,M,113952.00,A,20080821-02,210808*57
$PMGNTRK,5118.090,N,00614.747,E,0000044,M,113953.00,A,20080821-02,210808*52
$PMGNTRK,5118.103,N,00614.764,E,0000044,M,113957.00,A,20080821-02,210808*5C
$PMGNTRK,5118.106,N,00614.768,E,0000044,M,113958.00,A,20080821-02,210808*5A
$PMGNTRK,5118.119,N,00614.783,E,0000044,M,114002.00,A,20080821-02,210808*50
$PMGNTRK,5118.199,N,00614.744,E,0000249,M,114004.00,A,20080821-02,210808*5A
$PMGNTRK,5118.134,N,00614.803,E,0000051,M,114005.00,A,20080821-02,210808*5B
$PMGNTRK,5118.137,N,00614.808,E,0000052,M,114006.00,A,20080821-02,210808*53
$PMGNTRK,5118.149,N,00614.825,E,0000045,M,114011.00,A,20080821-02,210808*55
$PMGNTRK,5118.152,N,00614.830,E,0000045,M,114012.00,A,20080821-02,210808*58
$PMGNTRK,5118.162,N,00614.844,E,0000045,M,114016.00,A,20080821-02,210808*5C
$PMGNTRK,5118.164,N,00614.848,E,0000045,M,114017.00,A,20080821-02,210808*57
$PMGNTRK,5118.175,N,00614.860,E,0000046,M,114021.00,A,20080821-02,210808*5B
$PMGNTRK,5118.178,N,00614.863,E,0000046,M,114022.00,A,20080821-02,210808*56
$PMGNTRK,5118.192,N,00614.875,E,0000048,M,114027.00,A,20080821-02,210808*5E
$PMGNTRK,5118.196,N,00614.876,E,0000048,M,114028.00,A,20080821-02,210808*56
$PMGNTRK,5118.209,N,00614.885,E,0000049,M,114032.00,A,20080821-02,210808*55
$PMGNTRK,5118.212,N,00614.887,E,0000049,M,114033.00,A,20080821-02,210808*5C
$PMGNTRK,5118.227,N,00614.896,E,0000049,M,114037.00,A,20080821-02,210808*5E
$PMGNTRK,5118.230,N,00614.898,E,0000048,M,114038.00,A,20080821-02,210808*58
$PMGNTRK,5118.243,N,00614.906,E,0000048,M,114042.00,A,20080821-02,210808*57
$PMGNTRK,5118.245,N,00614.909,E,0000047,M,114043.00,A,20080821-02,210808*50
$PMGNTRK,5118.241,N,00614.932,E,0000046,M,114052.00,A,20080821-02,210808*5D
$PMGNTRK,5118.239,N,00614.935,E,0000046,M,114053.00,A,20080821-02,210808*54
$PMGNTRK,5118.226,N,00614.948,E,0000045,M,114058.00,A,20080821-02,210808*58
$PMGNTRK,5118.224,N,00614.951,E,0000045,M,114059.00,A,20080821-02,210808*53
$PMGNTRK,5118.210,N,00614.963,E,0000045,M,114104.00,A,20080821-02,210808*5C
$PMGNTRK,5118.207,N,00614.966,E,0000045,M,114105.00,A,20080821-02,210808*5E
$PMGNTRK,5118.192,N,00614.975,E,0000045,M,114110.00,A,20080821-02,210808*57
$PMGNTRK,5118.188,N,00614.977,E,0000045,M,114111.00,A,20080821-02,210808*5F
$PMGNTRK,5118.173,N,00614.984,E,0000045,M,114116.00,A,20080821-02,210808*50
$PMGNTRK,5118.170,N,00614.984,E,0000045,M,114117.00,A,20080821-02,210808*52
$PMGNTRK,5118.167,N,00615.006,E,0000043,M,114126.00,A,20080821-02,210808*52
$PMGNTRK,5118.169,N,00615.010,E,0000043,M,114127.00,A,20080821-02,210808*5A
$PMGNTRK,5118.180,N,00615.024,E,0000043,M,114131.00,A,20080821-02,210808*5D
$PMGNTRK,5118.182,N,00615.027,E,0000043,M,114132.00,A,20080821-02,210808*5F
$PMGNTRK,5118.195,N,00615.043,E,0000043,M,114136.00,A,20080821-02,210808*5F
$PMGNTRK,5118.198,N,00615.047,E,0000043,M,114137.00,A,20080821-02,210808*57
$PMGNTRK,5118.209,N,00615.063,E,0000042,M,114141.00,A,20080821-02,210808*5A
$PMGNTRK,5118.212,N,00615.067,E,0000042,M,114142.00,A,20080821-02,210808*57
$PMGNTRK,5118.223,N,00615.083,E,0000042,M,114146.00,A,20080821-02,210808*5B
$PMGNTRK,5118.226,N,00615.088,E,0000042,M,114147.00,A,20080821-02,210808*54
$PMGNTRK,5118.238,N,00615.105,E,0000043,M,114151.00,A,20080821-02,210808*59
$PMGNTRK,5118.241,N,00615.109,E,0000043,M,114152.00,A,20080821-02,210808*58
$PMGNTRK,5118.252,N,00615.127,E,0000043,M,114156.00,A,20080821-02,210808*52
$PMGNTRK,5118.254,N,00615.131,E,0000043,M,114157.00,A,20080821-02,210808*52
$PMGNTRK,5118.262,N,00615.154,E,0000042,M,114201.00,A,20080821-02,210808*55
$PMGNTRK,5118.263,N,00615.160,E,0000042,M,114202.00,A,20080821-02,210808*50
$PMGNTRK,5118.270,N,00615.182,E,0000041,M,114206.00,A,20080821-02,210808*59
$PMGNTRK,5118.272,N,00615.188,E,0000041,M,114207.00,A,20080821-02,210808*50
$PMGNTRK,5118.278,N,00615.211,E,0000041,M,114211.00,A,20080821-02,210808*5E
$PMGNTRK,5118.280,N,00615.217,E,0000040,M,114212.00,A,20080821-02,210808*5D
$PMGNTRK,5118.286,N,00615.239,E,0000040,M,114216.00,A,20080821-02,210808*53
$PMGNTRK,5118.286,N,00615.245,E,0000039,M,114217.00,A,20080821-02,210808*57
$PMGNTRK,5118.277,N,00615.267,E,0000038,M,114222.00,A,20080821-02,210808*5E
$PMGNTRK,5118.274,N,00615.271,E,0000037,M,114223.00,A,20080821-02,210808*54
$PMGNTRK,5118.261,N,00615.286,E,0000035,M,114228.00,A,20080821-02,210808*51
$PMGNTRK,5118.259,N,00615.289,E,0000034,M,114229.00,A,20080821-02,210808*55
$PMGNTRK,5118.247,N,00615.304,E,0000033,M,114234.00,A,20080821-02,210808*55
$PMGNTRK,5118.244,N,00615.308,E,0000033,M,114235.00,A,20080821-02,210808*5B
$PMGNTRK,5118.233,N,00615.321,E,0000032,M,114239.00,A,20080821-02,210808*5D
$PMGNTRK,5118.230,N,00615.325,E,0000033,M,114240.00,A,20080821-02,210808*55
$PMGNTRK,5118.218,N,00615.340,E,0000035,M,114244.00,A,20080821-02,210808*5E
$PMGNTRK,5118.215,N,00615.343,E,0000035,M,114245.00,A,20080821-02,210808*51
$PMGNTRK,5118.204,N,00615.359,E,0000037,M,114249.00,A,20080821-02,210808*54
$PMGNTRK,5118.201,N,00615.363,E,0000037,M,114250.00,A,20080821-02,210808*50
$PMGNTRK,5118.190,N,00615.379,E,0000039,M,114254.00,A,20080821-02,210808*5A
$PMGNTRK,5118.187,N,00615.383,E,0000039,M,114255.00,A,20080821-02,210808*58
$PMGNTRK,5118.174,N,00615.398,E,0000041,M,114300.00,A,20080821-02,210808*50
$PMGNTRK,5118.172,N,00615.403,E,0000042,M,114301.00,A,20080821-02,210808*51
$PMGNTRK,5118.167,N,00615.427,E,0000042,M,114306.00,A,20080821-02,210808*54
$PMGNTRK,5118.167,N,00615.433,E,0000042,M,114307.00,A,20080821-02,210808*50
$PMGNTRK,5118.164,N,00615.454,E,0000043,M,114311.00,A,20080821-02,210808*54
$PMGNTRK,5118.163,N,00615.459,E,0000043,M,114312.00,A,20080821-02,210808*5D
$PMGNTRK,5118.160,N,00615.481,E,0000044,M,114316.00,A,20080821-02,210808*58
$PMGNTRK,5118.158,N,00615.487,E,0000044,M,114317.00,A,20080821-02,210808*54
$PMGNTRK,5118.155,N,00615.509,E,0000044,M,114321.00,A,20080821-02,210808*5B
$PMGNTRK,5118.154,N,00615.515,E,0000044,M,114322.00,A,20080821-02,210808*54
$PMGNTRK,5118.151,N,00615.538,E,0000044,M,114326.00,A,20080821-02,210808*5A
$PMGNTRK,5118.150,N,00615.544,E,0000044,M,114327.00,A,20080821-02,210808*51
$PMGNTRK,5118.146,N,00615.568,E,0000044,M,114331.00,A,20080821-02,210808*5F
$PMGNTRK,5118.145,N,00615.574,E,0000044,M,114332.00,A,20080821-02,210808*52
$PMGNTRK,5118.140,N,00615.597,E,0000045,M,114336.00,A,20080821-02,210808*5F
$PMGNTRK,5118.139,N,00615.603,E,0000045,M,114337.00,A,20080821-02,210808*5E
$PMGNTRK,5118.133,N,00615.623,E,0000045,M,114341.00,A,20080821-02,210808*57
$PMGNTRK,5118.131,N,00615.628,E,0000046,M,114342.00,A,20080821-02,210808*5E
$PMGNTRK,5118.122,N,00615.647,E,0000047,M,114347.00,A,20080821-02,210808*51
$PMGNTRK,5118.121,N,00615.650,E,0000047,M,114348.00,A,20080821-02,210808*5B
$PMGNTRK,5118.120,N,00615.671,E,0000047,M,114355.00,A,20080821-02,210808*55
$PMGNTRK,5118.121,N,00615.676,E,0000046,M,114356.00,A,20080821-02,210808*51
$PMGNTRK,5118.124,N,00615.699,E,0000046,M,114401.00,A,20080821-02,210808*50
$PMGNTRK,5118.125,N,00615.704,E,0000046,M,114402.00,A,20080821-02,210808*57
$PMGNTRK,5118.131,N,00615.723,E,0000045,M,114406.00,A,20080821-02,210808*50
$PMGNTRK,5118.133,N,00615.728,E,0000045,M,114407.00,A,20080821-02,210808*58
$PMGNTRK,5118.139,N,00615.749,E,0000045,M,114411.00,A,20080821-02,210808*52
$PMGNTRK,5118.141,N,00615.754,E,0000045,M,114412.00,A,20080821-02,210808*52
$PMGNTRK,5118.147,N,00615.776,E,0000045,M,114416.00,A,20080821-02,210808*50
$PMGNTRK,5118.149,N,00615.781,E,0000045,M,114417.00,A,20080821-02,210808*57
$PMGNTRK,5118.153,N,00615.803,E,0000044,M,114421.00,A,20080821-02,210808*5D
$PMGNTRK,5118.154,N,00615.809,E,0000044,M,114422.00,A,20080821-02,210808*53
$PMGNTRK,5118.159,N,00615.832,E,0000044,M,114426.00,A,20080821-02,210808*52
$PMGNTRK,5118.160,N,00615.838,E,0000044,M,114427.00,A,20080821-02,210808*53
$PMGNTRK,5118.164,N,00615.860,E,0000044,M,114431.00,A,20080821-02,210808*5D
$PMGNTRK,5118.166,N,00615.866,E,0000043,M,114432.00,A,20080821-02,210808*5D
$PMGNTRK,5118.170,N,00615.890,E,0000043,M,114436.00,A,20080821-02,210808*57
$PMGNTRK,5118.170,N,00615.896,E,0000043,M,114437.00,A,20080821-02,210808*50
$PMGNTRK,5118.176,N,00615.921,E,0000041,M,114441.00,A,20080821-02,210808*58
$PMGNTRK,5118.177,N,00615.928,E,0000041,M,114442.00,A,20080821-02,210808*53
$PMGNTRK,5118.182,N,00615.952,E,0000041,M,114446.00,A,20080821-02,210808*50
$PMGNTRK,5118.182,N,00615.959,E,0000041,M,114447.00,A,20080821-02,210808*5A
$PMGNTRK,5118.187,N,00615.983,E,0000041,M,114451.00,A,20080821-02,210808*5F
$PMGNTRK,5118.187,N,00615.989,E,0000041,M,114452.00,A,20080821-02,210808*56
$PMGNTRK,5118.192,N,00616.011,E,0000042,M,114456.00,A,20080821-02,210808*5E
$PMGNTRK,5118.193,N,00616.016,E,0000042,M,114457.00,A,20080821-02,210808*59
$PMGNTRK,5118.196,N,00616.037,E,0000042,M,114501.00,A,20080821-02,210808*5D
$PMGNTRK,5118.197,N,00616.043,E,0000042,M,114502.00,A,20080821-02,210808*5C
$PMGNTRK,5118.202,N,00616.069,E,0000043,M,114507.00,A,20080821-02,210808*5F
$PMGNTRK,5118.203,N,00616.073,E,0000043,M,114508.00,A,20080821-02,210808*5A
$PMGNTRK,5118.205,N,00616.099,E,0000044,M,114513.00,A,20080821-02,210808*55
$PMGNTRK,5118.203,N,00616.103,E,0000044,M,114514.00,A,20080821-02,210808*56
$PMGNTRK,5118.188,N,00616.111,E,0000044,M,114519.00,A,20080821-02,210808*58
$PMGNTRK,5118.185,N,00616.112,E,0000044,M,114520.00,A,20080821-02,210808*5C
$PMGNTRK,5118.170,N,00616.120,E,0000045,M,114525.00,A,20080821-02,210808*53
$PMGNTRK,5118.168,N,00616.121,E,0000046,M,114526.00,A,20080821-02,210808*5B
$PMGNTRK,5118.154,N,00616.117,E,0000049,M,114532.00,A,20080821-02,210808*5B
$PMGNTRK,5118.151,N,00616.114,E,0000050,M,114533.00,A,20080821-02,210808*54
$PMGNTRK,5118.140,N,00616.096,E,0000050,M,114538.00,A,20080821-02,210808*54
$PMGNTRK,5118.137,N,00616.091,E,0000050,M,114539.00,A,20080821-02,210808*52
$PMGNTRK,5118.129,N,00616.073,E,0000049,M,114543.00,A,20080821-02,210808*54
$PMGNTRK,5118.127,N,00616.069,E,0000049,M,114544.00,A,20080821-02,210808*56
$PMGNTRK,5118.119,N,00616.050,E,0000049,M,114548.00,A,20080821-02,210808*5D
$PMGNTRK,5118.117,N,00616.045,E,0000049,M,114549.00,A,20080821-02,210808*56
$PMGNTRK,5118.103,N,00616.040,E,0000049,M,114554.00,A,20080821-02,210808*5A
$PMGNTRK,5118.100,N,00616.042,E,0000049,M,114555.00,A,20080821-02,210808*5A
$PMGNTRK,5118.084,N,00616.051,E,0000048,M,114600.00,A,20080821-02,210808*57
$PMGNTRK,5118.081,N,00616.052,E,0000048,M,114601.00,A,20080821-02,210808*50
$PMGNTRK,5118.065,N,00616.060,E,0000047,M,114606.00,A,20080821-02,210808*53
$PMGNTRK,5118.062,N,00616.063,E,0000047,M,114607.00,A,20080821-02,210808*56
$PMGNTRK,5118.049,N,00616.071,E,0000047,M,114611.00,A,20080821-02,210808*5B
$PMGNTRK,5118.046,N,00616.073,E,0000047,M,114612.00,A,20080821-02,210808*55
$PMGNTRK,5118.033,N,00616.082,E,0000047,M,114616.00,A,20080821-02,210808*5D
$PMGNTRK,5118.030,N,00616.084,E,0000047,M,114617.00,A,20080821-02,210808*59
$PMGNTRK,5118.018,N,00616.096,E,0000047,M,114621.00,A,20080821-02,210808*55
$PMGNTRK,5118.016,N,00616.099,E,0000047,M,114622.00,A,20080821-02,210808*57
$PMGNTRK,5118.004,N,00616.111,E,0000047,M,114626.00,A,20080821-02,210808*51
$PMGNTRK,5118.001,N,00616.114,E,0000047,M,114627.00,A,20080821-02,210808*50
$PMGNTRK,5117.990,N,00616.126,E,0000047,M,114631.00,A,20080821-02,210808*58
$PMGNTRK,5117.986,N,00616.129,E,0000047,M,114632.00,A,20080821-02,210808*53
$PMGNTRK,5117.974,N,00616.141,E,0000047,M,114636.00,A,20080821-02,210808*54
$PMGNTRK,5117.971,N,00616.144,E,0000047,M,114637.00,A,20080821-02,210808*55
$PMGNTRK,5117.960,N,00616.157,E,0000046,M,114641.00,A,20080821-02,210808*57
$PMGNTRK,5117.958,N,00616.161,E,0000046,M,114642.00,A,20080821-02,210808*5A
$PMGNTRK,5117.947,N,00616.175,E,0000046,M,114646.00,A,20080821-02,210808*55
$PMGNTRK,5117.944,N,00616.179,E,0000046,M,114647.00,A,20080821-02,210808*5B
$PMGNTRK,5117.933,N,00616.193,E,0000046,M,114651.00,A,20080821-02,210808*58
$PMGNTRK,5117.930,N,00616.196,E,0000046,M,114652.00,A,20080821-02,210808*5D
$PMGNTRK,5117.920,N,00616.211,E,0000046,M,114656.00,A,20080821-02,210808*54
$PMGNTRK,5117.918,N,00616.216,E,0000046,M,114657.00,A,20080821-02,210808*59
$PMGNTRK,5117.906,N,00616.227,E,0000045,M,114701.00,A,20080821-02,210808*55
$PMGNTRK,5117.903,N,00616.229,E,0000045,M,114702.00,A,20080821-02,210808*5D
$PMGNTRK,5117.889,N,00616.237,E,0000045,M,114706.00,A,20080821-02,210808*55
$PMGNTRK,5117.886,N,00616.238,E,0000045,M,114707.00,A,20080821-02,210808*54
$PMGNTRK,5117.872,N,00616.244,E,0000044,M,114711.00,A,20080821-02,210808*52
$PMGNTRK,5117.869,N,00616.245,E,0000044,M,114712.00,A,20080821-02,210808*5A
$PMGNTRK,5117.854,N,00616.248,E,0000044,M,114716.00,A,20080821-02,210808*5D
$PMGNTRK,5117.851,N,00616.249,E,0000044,M,114717.00,A,20080821-02,210808*58
$PMGNTRK,5117.835,N,00616.252,E,0000044,M,114721.00,A,20080821-02,210808*55
$PMGNTRK,5117.831,N,00616.252,E,0000043,M,114722.00,A,20080821-02,210808*55
$PMGNTRK,5117.817,N,00616.256,E,0000043,M,114726.00,A,20080821-02,210808*51
$PMGNTRK,5117.813,N,00616.257,E,0000043,M,114727.00,A,20080821-02,210808*55
$PMGNTRK,5117.799,N,00616.261,E,0000043,M,114731.00,A,20080821-02,210808*5A
$PMGNTRK,5117.795,N,00616.261,E,0000043,M,114732.00,A,20080821-02,210808*55
$PMGNTRK,5117.780,N,00616.265,E,0000042,M,114736.00,A,20080821-02,210808*50
$PMGNTRK,5117.776,N,00616.266,E,0000041,M,114737.00,A,20080821-02,210808*58
$PMGNTRK,5117.761,N,00616.267,E,0000041,M,114741.00,A,20080821-02,210808*5E
$PMGNTRK,5117.757,N,00616.267,E,0000041,M,114742.00,A,20080821-02,210808*58
$PMGNTRK,5117.741,N,00616.268,E,0000042,M,114746.00,A,20080821-02,210808*57
$PMGNTRK,5117.738,N,00616.268,E,0000042,M,114747.00,A,20080821-02,210808*58
$PMGNTRK,5117.723,N,00616.272,E,0000042,M,114751.00,A,20080821-02,210808*5E
$PMGNTRK,5117.720,N,00616.273,E,0000042,M,114752.00,A,20080821-02,210808*5F
$PMGNTRK,5117.705,N,00616.281,E,0000042,M,114756.00,A,20080821-02,210808*51
$PMGNTRK,5117.702,N,00616.283,E,0000042,M,114757.00,A,20080821-02,210808*55
$PMGNTRK,5117.686,N,00616.293,E,0000042,M,114802.00,A,20080821-02,210808*56
$PMGNTRK,5117.683,N,00616.295,E,0000042,M,114803.00,A,20080821-02,210808*54
$PMGNTRK,5117.669,N,00616.305,E,0000042,M,114807.00,A,20080821-02,210808*5C
$PMGNTRK,5117.666,N,00616.308,E,0000042,M,114808.00,A,20080821-02,210808*51
$PMGNTRK,5117.651,N,00616.317,E,0000041,M,114812.00,A,20080821-02,210808*53
$PMGNTRK,5117.648,N,00616.319,E,0000040,M,114813.00,A,20080821-02,210808*55
$PMGNTRK,5117.636,N,00616.336,E,0000039,M,114817.00,A,20080821-02,210808*5B
$PMGNTRK,5117.634,N,00616.340,E,0000039,M,114818.00,A,20080821-02,210808*57
$PMGNTRK,5117.624,N,00616.358,E,0000039,M,114822.00,A,20080821-02,210808*56
$PMGNTRK,5117.621,N,00616.361,E,0000039,M,114823.00,A,20080821-02,210808*58
$PMGNTRK,5117.609,N,00616.376,E,0000039,M,114827.00,A,20080821-02,210808*50
$PMGNTRK,5117.608,N,00616.381,E,0000039,M,114828.00,A,20080821-02,210808*56
$PMGNTRK,5117.602,N,00616.402,E,0000041,M,114832.00,A,20080821-02,210808*54
$PMGNTRK,5117.599,N,00616.406,E,0000042,M,114833.00,A,20080821-02,210808*53
$PMGNTRK,5117.590,N,00616.423,E,0000043,M,114839.00,A,20080821-02,210808*56
$PMGNTRK,5117.591,N,00616.426,E,0000043,M,114840.00,A,20080821-02,210808*5C
$PMGNTRK,5117.593,N,00616.447,E,0000044,M,114846.00,A,20080821-02,210808*58
$PMGNTRK,5117.593,N,00616.451,E,0000044,M,114847.00,A,20080821-02,210808*5E
$PMGNTRK,5117.596,N,00616.477,E,0000046,M,114853.00,A,20080821-02,210808*58
$PMGNTRK,5117.596,N,00616.481,E,0000046,M,114854.00,A,20080821-02,210808*56
$PMGNTRK,5117.597,N,00616.502,E,0000048,M,114859.00,A,20080821-02,210808*5E
$PMGNTRK,5117.597,N,00616.507,E,0000049,M,114900.00,A,20080821-02,210808*57
$PMGNTRK,5117.599,N,00616.528,E,0000050,M,114905.00,A,20080821-02,210808*59
$PMGNTRK,5117.599,N,00616.533,E,0000050,M,114906.00,A,20080821-02,210808*50
$PMGNTRK,5117.600,N,00616.558,E,0000051,M,114912.00,A,20080821-02,210808*5A
$PMGNTRK,5117.600,N,00616.561,E,0000051,M,114913.00,A,20080821-02,210808*51
$PMGNTRK,5117.602,N,00616.584,E,0000053,M,114919.00,A,20080821-02,210808*50
$PMGNTRK,5117.602,N,00616.588,E,0000053,M,114920.00,A,20080821-02,210808*56
$PMGNTRK,5117.594,N,00616.606,E,0000053,M,114928.00,A,20080821-02,210808*57
$PMGNTRK,5117.592,N,00616.607,E,0000053,M,114929.00,A,20080821-02,210808*51
$PMGNTRK,5117.579,N,00616.612,E,0000053,M,114935.00,A,20080821-02,210808*5D
$PMGNTRK,5117.576,N,00616.612,E,0000053,M,114936.00,A,20080821-02,210808*51
$PMGNTRK,5117.572,N,00616.633,E,0000054,M,114955.00,A,20080821-02,210808*54
$PMGNTRK,5117.572,N,00616.637,E,0000054,M,114956.00,A,20080821-02,210808*53
$PMGNTRK,5117.573,N,00616.661,E,0000054,M,115002.00,A,20080821-02,210808*58
$PMGNTRK,5117.573,N,00616.665,E,0000054,M,115003.00,A,20080821-02,210808*5D
$PMGNTRK,5117.575,N,00616.689,E,0000054,M,115008.00,A,20080821-02,210808*52
$PMGNTRK,5117.575,N,00616.694,E,0000054,M,115009.00,A,20080821-02,210808*5F
$PMGNTRK,5117.576,N,00616.716,E,0000054,M,115013.00,A,20080821-02,210808*5C
$PMGNTRK,5117.576,N,00616.721,E,0000054,M,115014.00,A,20080821-02,210808*5F
$PMGNTRK,5117.577,N,00616.744,E,0000053,M,115018.00,A,20080821-02,210808*56
$PMGNTRK,5117.578,N,00616.750,E,0000053,M,115019.00,A,20080821-02,210808*5D
$PMGNTRK,5117.579,N,00616.774,E,0000053,M,115023.00,A,20080821-02,210808*53
$PMGNTRK,5117.579,N,00616.780,E,0000053,M,115024.00,A,20080821-02,210808*5F
$PMGNTRK,5117.580,N,00616.805,E,0000053,M,115028.00,A,20080821-02,210808*57
$PMGNTRK,5117.581,N,00616.811,E,0000053,M,115029.00,A,20080821-02,210808*52
$PMGNTRK,5117.582,N,00616.836,E,0000052,M,115033.00,A,20080821-02,210808*5E
$PMGNTRK,5117.582,N,00616.842,E,0000052,M,115034.00,A,20080821-02,210808*5A
$PMGNTRK,5117.583,N,00616.867,E,0000052,M,115038.00,A,20080821-02,210808*50
$PMGNTRK,5117.584,N,00616.873,E,0000052,M,115039.00,A,20080821-02,210808*53
$PMGNTRK,5117.585,N,00616.897,E,0000052,M,115043.00,A,20080821-02,210808*55
$PMGNTRK,5117.585,N,00616.904,E,0000052,M,115044.00,A,20080821-02,210808*59
$PMGNTRK,5117.586,N,00616.928,E,0000051,M,115048.00,A,20080821-02,210808*5B
$PMGNTRK,5117.587,N,00616.934,E,0000051,M,115049.00,A,20080821-02,210808*56
$PMGNTRK,5117.588,N,00616.956,E,0000051,M,115053.00,A,20080821-02,210808*56
$PMGNTRK,5117.588,N,00616.961,E,0000051,M,115054.00,A,20080821-02,210808*55
$PMGNTRK,5117.576,N,00616.974,E,0000050,M,115100.00,A,20080821-02,210808*51
$PMGNTRK,5117.573,N,00616.975,E,0000050,M,115101.00,A,20080821-02,210808*54
$PMGNTRK,5117.559,N,00616.979,E,0000049,M,115106.00,A,20080821-02,210808*5F
$PMGNTRK,5117.557,N,00616.980,E,0000049,M,115107.00,A,20080821-02,210808*56
$PMGNTRK,5117.542,N,00616.985,E,0000049,M,115112.00,A,20080821-02,210808*53
$PMGNTRK,5117.540,N,00616.985,E,0000049,M,115113.00,A,20080821-02,210808*50
$PMGNTRK,5117.525,N,00616.990,E,0000049,M,115118.00,A,20080821-02,210808*5C
$PMGNTRK,5117.521,N,00616.990,E,0000050,M,115119.00,A,20080821-02,210808*51
$PMGNTRK,5117.506,N,00616.993,E,0000050,M,115124.00,A,20080821-02,210808*59
$PMGNTRK,5117.503,N,00616.994,E,0000050,M,115125.00,A,20080821-02,210808*5A
$PMGNTRK,5117.486,N,00616.996,E,0000051,M,115130.00,A,20080821-02,210808*51
$PMGNTRK,5117.483,N,00616.996,E,0000051,M,115131.00,A,20080821-02,210808*55
$PMGNTRK,5117.467,N,00616.995,E,0000051,M,115136.00,A,20080821-02,210808*5B
$PMGNTRK,5117.464,N,00616.995,E,0000051,M,115137.00,A,20080821-02,210808*59
$PMGNTRK,5117.448,N,00616.994,E,0000051,M,115142.00,A,20080821-02,210808*54
$PMGNTRK,5117.444,N,00616.994,E,0000051,M,115143.00,A,20080821-02,210808*59
$PMGNTRK,5117.429,N,00616.993,E,0000051,M,115148.00,A,20080821-02,210808*5E
$PMGNTRK,5117.426,N,00616.993,E,0000051,M,115149.00,A,20080821-02,210808*50
$PMGNTRK,5117.410,N,00616.991,E,0000051,M,115154.00,A,20080821-02,210808*5B
$PMGNTRK,5117.407,N,00616.991,E,0000051,M,115155.00,A,20080821-02,210808*5C
$PMGNTRK,5117.392,N,00616.989,E,0000051,M,115200.00,A,20080821-02,210808*5D
$PMGNTRK,5117.388,N,00616.989,E,0000051,M,115201.00,A,20080821-02,210808*57
$PMGNTRK,5117.374,N,00616.989,E,0000050,M,115205.00,A,20080821-02,210808*51
$PMGNTRK,5117.371,N,00616.989,E,0000050,M,115206.00,A,20080821-02,210808*57
$PMGNTRK,5117.356,N,00616.988,E,0000049,M,115210.00,A,20080821-02,210808*5C
$PMGNTRK,5117.353,N,00616.988,E,0000049,M,115211.00,A,20080821-02,210808*58
$PMGNTRK,5117.339,N,00616.987,E,0000048,M,115215.00,A,20080821-02,210808*5E
$PMGNTRK,5117.335,N,00616.986,E,0000048,M,115216.00,A,20080821-02,210808*50
$PMGNTRK,5117.320,N,00616.988,E,0000047,M,115221.00,A,20080821-02,210808*51
$PMGNTRK,5117.318,N,00616.993,E,0000047,M,115222.00,A,20080821-02,210808*53
$PMGNTRK,5117.315,N,00617.018,E,0000047,M,115227.00,A,20080821-02,210808*50
$PMGNTRK,5117.315,N,00617.023,E,0000048,M,115228.00,A,20080821-02,210808*58
$PMGNTRK,5117.312,N,00617.047,E,0000049,M,115233.00,A,20080821-02,210808*56
$PMGNTRK,5117.312,N,00617.051,E,0000049,M,115234.00,A,20080821-02,210808*56
$PMGNTRK,5117.309,N,00617.074,E,0000051,M,115239.00,A,20080821-02,210808*5F
$PMGNTRK,5117.309,N,00617.079,E,0000051,M,115240.00,A,20080821-02,210808*5C
$PMGNTRK,5117.309,N,00617.104,E,0000052,M,115245.00,A,20080821-02,210808*51
$PMGNTRK,5117.309,N,00617.108,E,0000052,M,115246.00,A,20080821-02,210808*5E
$PMGNTRK,5117.307,N,00617.132,E,0000052,M,115251.00,A,20080821-02,210808*5F
$PMGNTRK,5117.306,N,00617.137,E,0000052,M,115252.00,A,20080821-02,210808*58
$PMGNTRK,5117.302,N,00617.161,E,0000052,M,115257.00,A,20080821-02,210808*5A
$PMGNTRK,5117.301,N,00617.167,E,0000052,M,115258.00,A,20080821-02,210808*50
$PMGNTRK,5117.296,N,00617.187,E,0000051,M,115302.00,A,20080821-02,210808*5C
$PMGNTRK,5117.295,N,00617.192,E,0000051,M,115303.00,A,20080821-02,210808*5A
$PMGNTRK,5117.290,N,00617.216,E,0000050,M,115307.00,A,20080821-02,210808*55
$PMGNTRK,5117.288,N,00617.222,E,0000050,M,115308.00,A,20080821-02,210808*54
$PMGNTRK,5117.284,N,00617.245,E,0000050,M,115312.00,A,20080821-02,210808*52
$PMGNTRK,5117.282,N,00617.251,E,0000050,M,115313.00,A,20080821-02,210808*50
$PMGNTRK,5117.277,N,00617.272,E,0000050,M,115317.00,A,20080821-02,210808*5F
$PMGNTRK,5117.276,N,00617.278,E,0000050,M,115318.00,A,20080821-02,210808*5B
$PMGNTRK,5117.270,N,00617.302,E,0000049,M,115322.00,A,20080821-02,210808*50
$PMGNTRK,5117.269,N,00617.308,E,0000049,M,115323.00,A,20080821-02,210808*53
$PMGNTRK,5117.264,N,00617.332,E,0000049,M,115327.00,A,20080821-02,210808*53
$PMGNTRK,5117.263,N,00617.338,E,0000049,M,115328.00,A,20080821-02,210808*51
$PMGNTRK,5117.258,N,00617.360,E,0000049,M,115332.00,A,20080821-02,210808*5F
$PMGNTRK,5117.258,N,00617.366,E,0000049,M,115333.00,A,20080821-02,210808*58
$PMGNTRK,5117.254,N,00617.388,E,0000050,M,115337.00,A,20080821-02,210808*58
$PMGNTRK,5117.252,N,00617.394,E,0000050,M,115338.00,A,20080821-02,210808*5C
$PMGNTRK,5117.248,N,00617.416,E,0000050,M,115342.00,A,20080821-02,210808*57
$PMGNTRK,5117.247,N,00617.422,E,0000050,M,115343.00,A,20080821-02,210808*5E
$PMGNTRK,5117.243,N,00617.446,E,0000050,M,115347.00,A,20080821-02,210808*5C
$PMGNTRK,5117.242,N,00617.452,E,0000050,M,115348.00,A,20080821-02,210808*57
$PMGNTRK,5117.239,N,00617.477,E,0000050,M,115352.00,A,20080821-02,210808*57
$PMGNTRK,5117.238,N,00617.483,E,0000050,M,115353.00,A,20080821-02,210808*5C
$PMGNTRK,5117.234,N,00617.507,E,0000050,M,115357.00,A,20080821-02,210808*59
$PMGNTRK,5117.234,N,00617.513,E,0000050,M,115358.00,A,20080821-02,210808*53
$PMGNTRK,5117.230,N,00617.536,E,0000051,M,115402.00,A,20080821-02,210808*59
$PMGNTRK,5117.228,N,00617.542,E,0000051,M,115403.00,A,20080821-02,210808*52
$PMGNTRK,5117.222,N,00617.563,E,0000052,M,115407.00,A,20080821-02,210808*5C
$PMGNTRK,5117.220,N,00617.568,E,0000052,M,115408.00,A,20080821-02,210808*5A
$PMGNTRK,5117.212,N,00617.585,E,0000053,M,115412.00,A,20080821-02,210808*52
$PMGNTRK,5117.210,N,00617.590,E,0000054,M,115413.00,A,20080821-02,210808*52
$PMGNTRK,5117.200,N,00617.609,E,0000054,M,115418.00,A,20080821-02,210808*5B
$PMGNTRK,5117.198,N,00617.614,E,0000055,M,115419.00,A,20080821-02,210808*55
$PMGNTRK,5117.192,N,00617.636,E,0000055,M,115424.00,A,20080821-02,210808*51
$PMGNTRK,5117.191,N,00617.641,E,0000055,M,115425.00,A,20080821-02,210808*53
$PMGNTRK,5117.186,N,00617.667,E,0000055,M,115430.00,A,20080821-02,210808*55
$PMGNTRK,5117.186,N,00617.672,E,0000055,M,115431.00,A,20080821-02,210808*50
$PMGNTRK,5117.183,N,00617.695,E,0000055,M,115435.00,A,20080821-02,210808*58
$PMGNTRK,5117.183,N,00617.700,E,0000055,M,115436.00,A,20080821-02,210808*56
$PMGNTRK,5117.182,N,00617.723,E,0000055,M,115441.00,A,20080821-02,210808*56
$PMGNTRK,5117.182,N,00617.728,E,0000055,M,115442.00,A,20080821-02,210808*5E
$PMGNTRK,5117.179,N,00617.750,E,0000054,M,115447.00,A,20080821-02,210808*51
$PMGNTRK,5117.179,N,00617.755,E,0000054,M,115448.00,A,20080821-02,210808*5B
$PMGNTRK,5117.177,N,00617.779,E,0000053,M,115453.00,A,20080821-02,210808*56
$PMGNTRK,5117.176,N,00617.784,E,0000053,M,115454.00,A,20080821-02,210808*52
$PMGNTRK,5117.189,N,00617.794,E,0000053,M,115502.00,A,20080821-02,210808*51
$PMGNTRK,5117.191,N,00617.794,E,0000053,M,115503.00,A,20080821-02,210808*59
$PMGNTRK,5117.206,N,00617.791,E,0000054,M,115508.00,A,20080821-02,210808*5D
$PMGNTRK,5117.209,N,00617.790,E,0000054,M,115509.00,A,20080821-02,210808*52
$PMGNTRK,5117.224,N,00617.783,E,0000054,M,115514.00,A,20080821-02,210808*53
$PMGNTRK,5117.227,N,00617.782,E,0000054,M,115515.00,A,20080821-02,210808*50
$PMGNTRK,5117.243,N,00617.774,E,0000053,M,115520.00,A,20080821-02,210808*5A
$PMGNTRK,5117.246,N,00617.773,E,0000053,M,115521.00,A,20080821-02,210808*59
$PMGNTRK,5117.260,N,00617.765,E,0000053,M,115525.00,A,20080821-02,210808*5E
$PMGNTRK,5117.263,N,00617.764,E,0000052,M,115526.00,A,20080821-02,210808*5E
$PMGNTRK,5117.278,N,00617.756,E,0000052,M,115530.00,A,20080821-02,210808*52
$PMGNTRK,5117.282,N,00617.754,E,0000052,M,115531.00,A,20080821-02,210808*54
$PMGNTRK,5117.297,N,00617.746,E,0000051,M,115535.00,A,20080821-02,210808*54
$PMGNTRK,5117.301,N,00617.744,E,0000051,M,115536.00,A,20080821-02,210808*5B
$PMGNTRK,5117.316,N,00617.736,E,0000051,M,115540.00,A,20080821-02,210808*59
$PMGNTRK,5117.320,N,00617.734,E,0000051,M,115541.00,A,20080821-02,210808*5F
$PMGNTRK,5117.336,N,00617.725,E,0000050,M,115545.00,A,20080821-02,210808*5D
$PMGNTRK,5117.339,N,00617.723,E,0000050,M,115546.00,A,20080821-02,210808*57
$PMGNTRK,5117.356,N,00617.715,E,0000050,M,115550.00,A,20080821-02,210808*5C
$PMGNTRK,5117.359,N,00617.713,E,0000050,M,115551.00,A,20080821-02,210808*54
$PMGNTRK,5117.375,N,00617.705,E,0000051,M,115555.00,A,20080821-02,210808*58
$PMGNTRK,5117.380,N,00617.702,E,0000051,M,115556.00,A,20080821-02,210808*56
$PMGNTRK,5117.395,N,00617.695,E,0000051,M,115600.00,A,20080821-02,210808*5D
$PMGNTRK,5117.399,N,00617.692,E,0000051,M,115601.00,A,20080821-02,210808*57
$PMGNTRK,5117.414,N,00617.684,E,0000051,M,115605.00,A,20080821-02,210808*56
$PMGNTRK,5117.419,N,00617.682,E,0000051,M,115606.00,A,20080821-02,210808*5E
$PMGNTRK,5117.434,N,00617.674,E,0000052,M,115610.00,A,20080821-02,210808*5C
$PMGNTRK,5117.438,N,00617.672,E,0000052,M,115611.00,A,20080821-02,210808*57
$PMGNTRK,5117.454,N,00617.665,E,0000052,M,115615.00,A,20080821-02,210808*5F
$PMGNTRK,5117.458,N,00617.662,E,0000052,M,115616.00,A,20080821-02,210808*57
$PMGNTRK,5117.474,N,00617.654,E,0000052,M,115620.00,A,20080821-02,210808*59
$PMGNTRK,5117.478,N,00617.653,E,0000052,M,115621.00,A,20080821-02,210808*53
$PMGNTRK,5117.494,N,00617.644,E,0000052,M,115625.00,A,20080821-02,210808*53
$PMGNTRK,5117.498,N,00617.642,E,0000052,M,115626.00,A,20080821-02,210808*5A
$PMGNTRK,5117.514,N,00617.635,E,0000052,M,115630.00,A,20080821-02,210808*58
$PMGNTRK,5117.518,N,00617.633,E,0000052,M,115631.00,A,20080821-02,210808*53
$PMGNTRK,5117.534,N,00617.626,E,0000052,M,115635.00,A,20080821-02,210808*5D
$PMGNTRK,5117.539,N,00617.624,E,0000052,M,115636.00,A,20080821-02,210808*51
$PMGNTRK,5117.555,N,00617.616,E,0000051,M,115640.00,A,20080821-02,210808*58
$PMGNTRK,5117.559,N,00617.614,E,0000051,M,115641.00,A,20080821-02,210808*57
$PMGNTRK,5117.575,N,00617.607,E,0000051,M,115645.00,A,20080821-02,210808*5F
$PMGNTRK,5117.579,N,00617.605,E,0000051,M,115646.00,A,20080821-02,210808*52
$PMGNTRK,5117.596,N,00617.599,E,0000051,M,115650.00,A,20080821-02,210808*52
$PMGNTRK,5117.600,N,00617.597,E,0000051,M,115651.00,A,20080821-02,210808*51
$PMGNTRK,5117.616,N,00617.590,E,0000051,M,115655.00,A,20080821-02,210808*55
$PMGNTRK,5117.620,N,00617.589,E,0000051,M,115656.00,A,20080821-02,210808*5B
$PMGNTRK,5117.630,N,00617.606,E,0000051,M,115701.00,A,20080821-02,210808*5D
$PMGNTRK,5117.631,N,00617.612,E,0000051,M,115702.00,A,20080821-02,210808*5A
$PMGNTRK,5117.636,N,00617.635,E,0000051,M,115706.00,A,20080821-02,210808*5C
$PMGNTRK,5117.637,N,00617.641,E,0000051,M,115707.00,A,20080821-02,210808*5F
$PMGNTRK,5117.642,N,00617.665,E,0000051,M,115711.00,A,20080821-02,210808*5C
$PMGNTRK,5117.644,N,00617.672,E,0000051,M,115712.00,A,20080821-02,210808*5F
$PMGNTRK,5117.648,N,00617.696,E,0000051,M,115716.00,A,20080821-02,210808*5D
$PMGNTRK,5117.650,N,00617.703,E,0000051,M,115717.00,A,20080821-02,210808*58
$PMGNTRK,5117.654,N,00617.728,E,0000051,M,115721.00,A,20080821-02,210808*50
$PMGNTRK,5117.655,N,00617.734,E,0000051,M,115722.00,A,20080821-02,210808*5F
$PMGNTRK,5117.659,N,00617.759,E,0000052,M,115726.00,A,20080821-02,210808*5F
$PMGNTRK,5117.660,N,00617.765,E,0000052,M,115727.00,A,20080821-02,210808*5B
$PMGNTRK,5117.664,N,00617.789,E,0000052,M,115731.00,A,20080821-02,210808*5A
$PMGNTRK,5117.665,N,00617.795,E,0000052,M,115732.00,A,20080821-02,210808*55
$PMGNTRK,5117.671,N,00617.819,E,0000053,M,115736.00,A,20080821-02,210808*5E
$PMGNTRK,5117.672,N,00617.825,E,0000053,M,115737.00,A,20080821-02,210808*53
$PMGNTRK,5117.679,N,00617.848,E,0000053,M,115741.00,A,20080821-02,210808*52
$PMGNTRK,5117.681,N,00617.854,E,0000053,M,115742.00,A,20080821-02,210808*5B
$PMGNTRK,5117.687,N,00617.876,E,0000054,M,115746.00,A,20080821-02,210808*5E
$PMGNTRK,5117.689,N,00617.882,E,0000054,M,115747.00,A,20080821-02,210808*5A
$PMGNTRK,5117.695,N,00617.904,E,0000055,M,115751.00,A,20080821-02,210808*5E
$PMGNTRK,5117.696,N,00617.909,E,0000055,M,115752.00,A,20080821-02,210808*53
$PMGNTRK,5117.704,N,00617.929,E,0000056,M,115756.00,A,20080821-02,210808*5C
$PMGNTRK,5117.707,N,00617.932,E,0000056,M,115757.00,A,20080821-02,210808*54
$PMGNTRK,5117.722,N,00617.936,E,0000055,M,115801.00,A,20080821-02,210808*58
$PMGNTRK,5117.725,N,00617.938,E,0000055,M,115802.00,A,20080821-02,210808*52
$PMGNTRK,5117.738,N,00617.947,E,0000054,M,115806.00,A,20080821-02,210808*53
$PMGNTRK,5117.741,N,00617.951,E,0000054,M,115807.00,A,20080821-02,210808*5B
$PMGNTRK,5117.755,N,00617.964,E,0000054,M,115811.00,A,20080821-02,210808*5F
$PMGNTRK,5117.758,N,00617.968,E,0000054,M,115812.00,A,20080821-02,210808*5D
$PMGNTRK,5117.772,N,00617.984,E,0000053,M,115816.00,A,20080821-02,210808*54
$PMGNTRK,5117.776,N,00617.989,E,0000053,M,115817.00,A,20080821-02,210808*5C
$PMGNTRK,5117.787,N,00618.004,E,0000053,M,115820.00,A,20080821-02,210808*55
$PMGNTRK,5117.791,N,00618.008,E,0000053,M,115821.00,A,20080821-02,210808*5F
$PMGNTRK,5117.802,N,00618.023,E,0000054,M,115824.00,A,20080821-02,210808*51
$PMGNTRK,5117.805,N,00618.028,E,0000054,M,115825.00,A,20080821-02,210808*5C
$PMGNTRK,5117.816,N,00618.041,E,0000054,M,115828.00,A,20080821-02,210808*5C
$PMGNTRK,5117.820,N,00618.046,E,0000054,M,115829.00,A,20080821-02,210808*5F
$PMGNTRK,5117.831,N,00618.057,E,0000054,M,115832.00,A,20080821-02,210808*55
$PMGNTRK,5117.835,N,00618.061,E,0000054,M,115833.00,A,20080821-02,210808*55
$PMGNTRK,5117.851,N,00618.072,E,0000055,M,115837.00,A,20080821-02,210808*50
$PMGNTRK,5117.855,N,00618.074,E,0000055,M,115838.00,A,20080821-02,210808*5D
$PMGNTRK,5117.869,N,00618.080,E,0000056,M,115842.00,A,20080821-02,210808*57
$PMGNTRK,5117.872,N,00618.082,E,0000056,M,115843.00,A,20080821-02,210808*5E
$PMGNTRK,5117.885,N,00618.086,E,0000056,M,115849.00,A,20080821-02,210808*58
$PMGNTRK,5117.888,N,00618.088,E,0000056,M,115850.00,A,20080821-02,210808*53
$PMGNTRK,5117.905,N,00618.095,E,0000057,M,115855.00,A,20080821-02,210808*5F
$PMGNTRK,5117.908,N,00618.097,E,0000057,M,115856.00,A,20080821-02,210808*53
$PMGNTRK,5117.921,N,00618.104,E,0000057,M,115900.00,A,20080821-02,210808*51
$PMGNTRK,5117.925,N,00618.106,E,0000057,M,115901.00,A,20080821-02,210808*56
$PMGNTRK,5117.939,N,00618.113,E,0000057,M,115905.00,A,20080821-02,210808*5B
$PMGNTRK,5117.942,N,00618.115,E,0000057,M,115906.00,A,20080821-02,210808*52
$PMGNTRK,5117.956,N,00618.121,E,0000056,M,115910.00,A,20080821-02,210808*56
$PMGNTRK,5117.959,N,00618.123,E,0000056,M,115911.00,A,20080821-02,210808*5A
$PMGNTRK,5117.973,N,00618.130,E,0000056,M,115915.00,A,20080821-02,210808*54
$PMGNTRK,5117.977,N,00618.133,E,0000056,M,115916.00,A,20080821-02,210808*50
$PMGNTRK,5117.992,N,00618.143,E,0000056,M,115920.00,A,20080821-02,210808*59
$PMGNTRK,5117.995,N,00618.146,E,0000056,M,115921.00,A,20080821-02,210808*5A
$PMGNTRK,5118.010,N,00618.158,E,0000055,M,115925.00,A,20080821-02,210808*59
$PMGNTRK,5118.014,N,00618.162,E,0000055,M,115926.00,A,20080821-02,210808*57
$PMGNTRK,5118.029,N,00618.175,E,0000055,M,115930.00,A,20080821-02,210808*58
$PMGNTRK,5118.034,N,00618.178,E,0000054,M,115931.00,A,20080821-02,210808*59
$PMGNTRK,5118.050,N,00618.187,E,0000054,M,115935.00,A,20080821-02,210808*5F
$PMGNTRK,5118.055,N,00618.187,E,0000053,M,115936.00,A,20080821-02,210808*5E
$PMGNTRK,5118.068,N,00618.183,E,0000053,M,115939.00,A,20080821-02,210808*5B
$PMGNTRK,5118.073,N,00618.184,E,0000053,M,115940.00,A,20080821-02,210808*58
$PMGNTRK,5118.091,N,00618.187,E,0000053,M,115944.00,A,20080821-02,210808*53
$PMGNTRK,5118.096,N,00618.187,E,0000053,M,115945.00,A,20080821-02,210808*55
$PMGNTRK,5118.114,N,00618.192,E,0000053,M,115949.00,A,20080821-02,210808*56
$PMGNTRK,5118.118,N,00618.193,E,0000052,M,115950.00,A,20080821-02,210808*52
$PMGNTRK,5118.132,N,00618.198,E,0000052,M,115953.00,A,20080821-02,210808*52
$PMGNTRK,5118.137,N,00618.199,E,0000052,M,115954.00,A,20080821-02,210808*51
$PMGNTRK,5118.150,N,00618.203,E,0000051,M,115957.00,A,20080821-02,210808*50
$PMGNTRK,5118.155,N,00618.205,E,0000051,M,115958.00,A,20080821-02,210808*5C
$PMGNTRK,5118.169,N,00618.208,E,0000051,M,120001.00,A,20080821-02,210808*5D
$PMGNTRK,5118.174,N,00618.208,E,0000050,M,120002.00,A,20080821-02,210808*53
$PMGNTRK,5118.188,N,00618.204,E,0000051,M,120005.00,A,20080821-02,210808*5A
$PMGNTRK,5118.192,N,00618.202,E,0000051,M,120006.00,A,20080821-02,210808*54
$PMGNTRK,5118.206,N,00618.197,E,0000051,M,120009.00,A,20080821-02,210808*5A
$PMGNTRK,5118.211,N,00618.197,E,0000051,M,120010.00,A,20080821-02,210808*54
$PMGNTRK,5118.224,N,00618.199,E,0000051,M,120013.00,A,20080821-02,210808*5F
$PMGNTRK,5118.229,N,00618.200,E,0000051,M,120014.00,A,20080821-02,210808*56
$PMGNTRK,5118.242,N,00618.202,E,0000051,M,120017.00,A,20080821-02,210808*5A
$PMGNTRK,5118.247,N,00618.203,E,0000050,M,120018.00,A,20080821-02,210808*50
$PMGNTRK,5118.262,N,00618.205,E,0000050,M,120021.00,A,20080821-02,210808*5B
$PMGNTRK,5118.266,N,00618.206,E,0000050,M,120022.00,A,20080821-02,210808*5F
$PMGNTRK,5118.281,N,00618.209,E,0000050,M,120025.00,A,20080821-02,210808*5E
$PMGNTRK,5118.286,N,00618.211,E,0000050,M,120026.00,A,20080821-02,210808*53
$PMGNTRK,5118.301,N,00618.213,E,0000050,M,120029.00,A,20080821-02,210808*50
$PMGNTRK,5118.305,N,00618.214,E,0000050,M,120030.00,A,20080821-02,210808*5B
$PMGNTRK,5118.319,N,00618.215,E,0000050,M,120033.00,A,20080821-02,210808*54
$PMGNTRK,5118.323,N,00618.215,E,0000050,M,120034.00,A,20080821-02,210808*5A
$PMGNTRK,5118.337,N,00618.216,E,0000051,M,120037.00,A,20080821-02,210808*5E
$PMGNTRK,5118.342,N,00618.217,E,0000051,M,120038.00,A,20080821-02,210808*52
$PMGNTRK,5118.355,N,00618.217,E,0000051,M,120041.00,A,20080821-02,210808*5A
$PMGNTRK,5118.360,N,00618.217,E,0000051,M,120042.00,A,20080821-02,210808*5F
$PMGNTRK,5118.377,N,00618.218,E,0000052,M,120046.00,A,20080821-02,210808*51
$PMGNTRK,5118.382,N,00618.218,E,0000052,M,120047.00,A,20080821-02,210808*5A
$PMGNTRK,5118.398,N,00618.210,E,0000052,M,120051.00,A,20080821-02,210808*5E
$PMGNTRK,5118.401,N,00618.206,E,0000052,M,120052.00,A,20080821-02,210808*5D
$PMGNTRK,5118.415,N,00618.187,E,0000052,M,120056.00,A,20080821-02,210808*56
$PMGNTRK,5118.418,N,00618.181,E,0000052,M,120057.00,A,20080821-02,210808*5C
$PMGNTRK,5118.431,N,00618.164,E,0000052,M,120101.00,A,20080821-02,210808*5E
$PMGNTRK,5118.434,N,00618.160,E,0000052,M,120102.00,A,20080821-02,210808*5C
$PMGNTRK,5118.449,N,00618.147,E,0000053,M,120106.00,A,20080821-02,210808*56
$PMGNTRK,5118.452,N,00618.144,E,0000053,M,120107.00,A,20080821-02,210808*5E
$PMGNTRK,5118.466,N,00618.133,E,0000053,M,120111.00,A,20080821-02,210808*5E
$PMGNTRK,5118.469,N,00618.131,E,0000053,M,120112.00,A,20080821-02,210808*50
$PMGNTRK,5118.475,N,00618.110,E,0000052,M,120116.00,A,20080821-02,210808*5B
$PMGNTRK,5118.475,N,00618.104,E,0000052,M,120117.00,A,20080821-02,210808*5F
$PMGNTRK,5118.477,N,00618.081,E,0000051,M,120121.00,A,20080821-02,210808*57
$PMGNTRK,5118.478,N,00618.075,E,0000051,M,120122.00,A,20080821-02,210808*50
$PMGNTRK,5118.483,N,00618.053,E,0000051,M,120126.00,A,20080821-02,210808*54
$PMGNTRK,5118.486,N,00618.049,E,0000051,M,120127.00,A,20080821-02,210808*5B
$PMGNTRK,5118.499,N,00618.035,E,0000051,M,120131.00,A,20080821-02,210808*59
$PMGNTRK,5118.501,N,00618.031,E,0000051,M,120132.00,A,20080821-02,210808*5E
$PMGNTRK,5118.503,N,00618.007,E,0000052,M,120136.00,A,20080821-02,210808*5E
$PMGNTRK,5118.504,N,00618.002,E,0000052,M,120137.00,A,20080821-02,210808*5D
$PMGNTRK,5118.509,N,00617.980,E,0000052,M,120141.00,A,20080821-02,210808*5D
$PMGNTRK,5118.511,N,00617.975,E,0000052,M,120142.00,A,20080821-02,210808*5D
$PMGNTRK,5118.520,N,00617.958,E,0000053,M,120146.00,A,20080821-02,210808*55
$PMGNTRK,5118.523,N,00617.955,E,0000053,M,120147.00,A,20080821-02,210808*5A
$PMGNTRK,5118.535,N,00617.944,E,0000054,M,120151.00,A,20080821-02,210808*5D
$PMGNTRK,5118.538,N,00617.941,E,0000054,M,120152.00,A,20080821-02,210808*56
$PMGNTRK,5118.551,N,00617.930,E,0000055,M,120156.00,A,20080821-02,210808*5A
$PMGNTRK,5118.554,N,00617.928,E,0000055,M,120157.00,A,20080821-02,210808*57
$PMGNTRK,5118.568,N,00617.921,E,0000056,M,120201.00,A,20080821-02,210808*52
$PMGNTRK,5118.572,N,00617.920,E,0000056,M,120202.00,A,20080821-02,210808*5B
$PMGNTRK,5118.585,N,00617.914,E,0000057,M,120206.00,A,20080821-02,210808*51
$PMGNTRK,5118.588,N,00617.912,E,0000057,M,120207.00,A,20080821-02,210808*5B
$PMGNTRK,5118.602,N,00617.906,E,0000057,M,120211.00,A,20080821-02,210808*58
$PMGNTRK,5118.605,N,00617.904,E,0000058,M,120212.00,A,20080821-02,210808*51
$PMGNTRK,5118.620,N,00617.897,E,0000058,M,120217.00,A,20080821-02,210808*58
$PMGNTRK,5118.623,N,00617.896,E,0000058,M,120218.00,A,20080821-02,210808*55
$PMGNTRK,5118.637,N,00617.892,E,0000058,M,120223.00,A,20080821-02,210808*5C
$PMGNTRK,5118.640,N,00617.894,E,0000058,M,120224.00,A,20080821-02,210808*5D
$PMGNTRK,5118.644,N,00617.917,E,0000058,M,120229.00,A,20080821-02,210808*5E
$PMGNTRK,5118.644,N,00617.923,E,0000058,M,120230.00,A,20080821-02,210808*51
$PMGNTRK,5118.646,N,00617.945,E,0000058,M,120234.00,A,20080821-02,210808*57
$PMGNTRK,5118.647,N,00617.951,E,0000058,M,120235.00,A,20080821-02,210808*52
$PMGNTRK,5118.649,N,00617.975,E,0000058,M,120239.00,A,20080821-02,210808*56
$PMGNTRK,5118.649,N,00617.981,E,0000058,M,120240.00,A,20080821-02,210808*53
$PMGNTRK,5118.651,N,00618.006,E,0000057,M,120244.00,A,20080821-02,210808*58
$PMGNTRK,5118.652,N,00618.012,E,0000057,M,120245.00,A,20080821-02,210808*5F
$PMGNTRK,5118.653,N,00618.038,E,0000057,M,120249.00,A,20080821-02,210808*5A
$PMGNTRK,5118.654,N,00618.045,E,0000057,M,120250.00,A,20080821-02,210808*5F
$PMGNTRK,5118.656,N,00618.071,E,0000057,M,120254.00,A,20080821-02,210808*5E
$PMGNTRK,5118.656,N,00618.079,E,0000057,M,120255.00,A,20080821-02,210808*57
$PMGNTRK,5118.658,N,00618.105,E,0000056,M,120259.00,A,20080821-02,210808*5E
$PMGNTRK,5118.659,N,00618.112,E,0000056,M,120300.00,A,20080821-02,210808*54
$PMGNTRK,5118.659,N,00618.137,E,0000056,M,120304.00,A,20080821-02,210808*57
$PMGNTRK,5118.659,N,00618.143,E,0000056,M,120305.00,A,20080821-02,210808*55
$PMGNTRK,5118.660,N,00618.169,E,0000056,M,120309.00,A,20080821-02,210808*5B
$PMGNTRK,5118.661,N,00618.175,E,0000056,M,120310.00,A,20080821-02,210808*5F
$PMGNTRK,5118.661,N,00618.199,E,0000056,M,120314.00,A,20080821-02,210808*59
$PMGNTRK,5118.661,N,00618.205,E,0000056,M,120315.00,A,20080821-02,210808*5E
$PMGNTRK,5118.662,N,00618.229,E,0000056,M,120319.00,A,20080821-02,210808*5F
$PMGNTRK,5118.662,N,00618.235,E,0000056,M,120320.00,A,20080821-02,210808*58
$PMGNTRK,5118.663,N,00618.258,E,0000056,M,120324.00,A,20080821-02,210808*56
$PMGNTRK,5118.663,N,00618.264,E,0000056,M,120325.00,A,20080821-02,210808*58
$PMGNTRK,5118.664,N,00618.287,E,0000056,M,120329.00,A,20080821-02,210808*5E
$PMGNTRK,5118.664,N,00618.293,E,0000056,M,120330.00,A,20080821-02,210808*53
$PMGNTRK,5118.665,N,00618.316,E,0000056,M,120334.00,A,20080821-02,210808*5A
$PMGNTRK,5118.666,N,00618.322,E,0000056,M,120335.00,A,20080821-02,210808*5F
$PMGNTRK,5118.667,N,00618.345,E,0000056,M,120339.00,A,20080821-02,210808*53
$PMGNTRK,5118.667,N,00618.351,E,0000056,M,120340.00,A,20080821-02,210808*58
$PMGNTRK,5118.666,N,00618.374,E,0000056,M,120344.00,A,20080821-02,210808*5A
$PMGNTRK,5118.665,N,00618.380,E,0000056,M,120345.00,A,20080821-02,210808*53
$PMGNTRK,5118.663,N,00618.401,E,0000056,M,120349.00,A,20080821-02,210808*57
$PMGNTRK,5118.662,N,00618.407,E,0000056,M,120350.00,A,20080821-02,210808*58
$PMGNTRK,5118.660,N,00618.432,E,0000057,M,120355.00,A,20080821-02,210808*58
$PMGNTRK,5118.659,N,00618.437,E,0000057,M,120356.00,A,20080821-02,210808*54
$PMGNTRK,5118.657,N,00618.463,E,0000058,M,120401.00,A,20080821-02,210808*51
$PMGNTRK,5118.656,N,00618.469,E,0000058,M,120402.00,A,20080821-02,210808*59
$PMGNTRK,5118.655,N,00618.495,E,0000058,M,120407.00,A,20080821-02,210808*5C
$PMGNTRK,5118.654,N,00618.500,E,0000059,M,120408.00,A,20080821-02,210808*5E
$PMGNTRK,5118.653,N,00618.526,E,0000060,M,120413.00,A,20080821-02,210808*5D
$PMGNTRK,5118.653,N,00618.532,E,0000060,M,120414.00,A,20080821-02,210808*5F
$PMGNTRK,5118.658,N,00618.555,E,0000061,M,120419.00,A,20080821-02,210808*59
$PMGNTRK,5118.658,N,00618.560,E,0000062,M,120420.00,A,20080821-02,210808*56
$PMGNTRK,5118.658,N,00618.582,E,0000063,M,120425.00,A,20080821-02,210808*5E
$PMGNTRK,5118.658,N,00618.586,E,0000063,M,120426.00,A,20080821-02,210808*59
$PMGNTRK,5118.655,N,00618.610,E,0000064,M,120432.00,A,20080821-02,210808*5A
$PMGNTRK,5118.653,N,00618.614,E,0000064,M,120433.00,A,20080821-02,210808*59
$PMGNTRK,5118.644,N,00618.630,E,0000064,M,120441.00,A,20080821-02,210808*5C
$PMGNTRK,5118.643,N,00618.631,E,0000064,M,120442.00,A,20080821-02,210808*59
$PMGNCMD,END*3D
