$PMGNFMT,%TRK,LAT,HEMI,LON,HEMI,ALT,UNIT,TIME,VALID,NAME,%META,ASCII
$PMGNTRK,4914.753,N,00650.366,E,000181,M,152206,A,KLLERTAL-RADWEG,210307*40
$PMGNTRK,4914.757,N,00650.326,E,000188,M,152208,A,KLLERTAL-RADWEG,210307*47
$PMGNTRK,4914.806,N,00650.465,E,000185,M,152212,A,KLLERTAL-RADWEG,210307*4A
$PMGNTRK,4914.857,N,00650.630,E,000187,M,152213,A,KLLERTAL-RADWEG,210307*4F
$PMGNTRK,4914.884,N,00650.781,E,000186,M,152214,A,KLLERTAL-RADWEG,210307*4C
$PMGNTRK,4914.899,N,00650.794,E,000185,M,152215,A,KLLERTAL-RADWEG,210307*46
$PMGNTRK,4914.949,N,00650.814,E,000190,M,152216,A,KLLERTAL-RADWEG,210307*4A
$PMGNTRK,4914.984,N,00650.834,E,000188,M,152217,A,KLLERTAL-RADWEG,210307*41
$PMGNTRK,4914.985,N,00650.876,E,000186,M,152218,A,KLLERTAL-RADWEG,210307*47
$PMGNTRK,4914.957,N,00650.925,E,000191,M,152219,A,KLLERTAL-RADWEG,210307*48
$PMGNTRK,4914.956,N,00650.958,E,000192,M,152220,A,KLLERTAL-RADWEG,210307*4A
$PMGNTRK,4914.945,N,00650.988,E,000192,M,152221,A,KLLERTAL-RADWEG,210307*44
$PMGNTRK,4914.955,N,00651.033,E,000198,M,152222,A,KLLERTAL-RADWEG,210307*44
$PMGNTRK,4914.963,N,00651.114,E,000196,M,152222,A,KLLERTAL-RADWEG,210307*4B
$PMGNTRK,4914.967,N,00651.208,E,000199,M,152224,A,KLLERTAL-RADWEG,210307*48
$PMGNTRK,4914.958,N,00651.295,E,000198,M,152225,A,KLLERTAL-RADWEG,210307*40
$PMGNTRK,4914.943,N,00651.390,E,000194,M,152226,A,KLLERTAL-RADWEG,210307*41
$PMGNTRK,4914.938,N,00651.443,E,000189,M,152227,A,KLLERTAL-RADWEG,210307*49
$PMGNTRK,4914.951,N,00651.480,E,000188,M,152228,A,KLLERTAL-RADWEG,210307*47
$PMGNTRK,4914.977,N,00651.508,E,000187,M,152234,A,KLLERTAL-RADWEG,210307*40
$PMGNTRK,4915.001,N,00651.507,E,000189,M,152235,A,KLLERTAL-RADWEG,210307*49
$PMGNTRK,4915.004,N,00651.560,E,000187,M,152237,A,KLLERTAL-RADWEG,210307*41
$PMGNTRK,4915.042,N,00651.555,E,000187,M,152238,A,KLLERTAL-RADWEG,210307*4A
$PMGNTRK,4915.073,N,00651.539,E,000194,M,152242,A,KLLERTAL-RADWEG,210307*4D
$PMGNTRK,4915.105,N,00651.538,E,000194,M,152243,A,KLLERTAL-RADWEG,210307*4D
$PMGNTRK,4915.112,N,00651.542,E,000194,M,152244,A,KLLERTAL-RADWEG,210307*41
$PMGNTRK,4915.109,N,00651.619,E,000191,M,152245,A,KLLERTAL-RADWEG,210307*42
$PMGNTRK,4915.103,N,00651.643,E,000190,M,152246,A,KLLERTAL-RADWEG,210307*45
$PMGNTRK,4915.113,N,00651.731,E,000189,M,152247,A,KLLERTAL-RADWEG,210307*49
$PMGNTRK,4915.135,N,00651.823,E,000190,M,152248,A,KLLERTAL-RADWEG,210307*46
$PMGNTRK,4915.168,N,00651.888,E,000189,M,152248,A,KLLERTAL-RADWEG,210307*47
$PMGNTRK,4915.212,N,00651.963,E,000190,M,152249,A,KLLERTAL-RADWEG,210307*44
$PMGNTRK,4915.254,N,00652.031,E,000190,M,152250,A,KLLERTAL-RADWEG,210307*43
$PMGNTRK,4915.282,N,00652.076,E,000190,M,152250,A,KLLERTAL-RADWEG,210307*4B
$PMGNTRK,4915.338,N,00652.150,E,000190,M,152254,A,KLLERTAL-RADWEG,210307*4A
$PMGNTRK,4915.336,N,00652.182,E,000189,M,152255,A,KLLERTAL-RADWEG,210307*42
$PMGNTRK,4915.345,N,00652.216,E,000188,M,152255,A,KLLERTAL-RADWEG,210307*49
$PMGNTRK,4915.368,N,00652.237,E,000188,M,152256,A,KLLERTAL-RADWEG,210307*46
$PMGNTRK,4915.367,N,00652.283,E,000188,M,152257,A,KLLERTAL-RADWEG,210307*47
$PMGNTRK,4915.347,N,00652.302,E,000188,M,152304,A,KLLERTAL-RADWEG,210307*4A
$PMGNTRK,4915.336,N,00652.311,E,000200,M,152305,A,KLLERTAL-RADWEG,210307*4C
$PMGNTRK,4915.339,N,00652.327,E,000200,M,152305,A,KLLERTAL-RADWEG,210307*46
$PMGNTRK,4915.353,N,00652.338,E,000197,M,152306,A,KLLERTAL-RADWEG,210307*4A
$PMGNTRK,4915.361,N,00652.354,E,000204,M,152307,A,KLLERTAL-RADWEG,210307*49
$PMGNTRK,4915.361,N,00652.367,E,000204,M,152308,A,KLLERTAL-RADWEG,210307*46
$PMGNTRK,4915.403,N,00652.389,E,000204,M,152331,A,KLLERTAL-RADWEG,210307*4F
$PMGNTRK,4915.432,N,00652.410,E,000199,M,152332,A,KLLERTAL-RADWEG,210307*4E
$PMGNTRK,4915.460,N,00652.437,E,000193,M,152333,A,KLLERTAL-RADWEG,210307*47
$PMGNTRK,4915.500,N,00652.481,E,000195,M,152334,A,KLLERTAL-RADWEG,210307*4C
$PMGNTRK,4915.513,N,00652.523,E,000202,M,152335,A,KLLERTAL-RADWEG,210307*4B
$PMGNTRK,4915.573,N,00652.617,E,000202,M,152337,A,KLLERTAL-RADWEG,210307*4B
$PMGNTRK,4915.607,N,00652.664,E,000197,M,152337,A,KLLERTAL-RADWEG,210307*40
$PMGNTRK,4915.650,N,00652.702,E,000196,M,152339,A,KLLERTAL-RADWEG,210307*4C
$PMGNTRK,4915.703,N,00652.754,E,000202,M,152340,A,KLLERTAL-RADWEG,210307*48
$PMGNTRK,4915.759,N,00652.772,E,000197,M,152341,A,KLLERTAL-RADWEG,210307*4D
$PMGNTRK,4915.826,N,00652.751,E,000205,M,152342,A,KLLERTAL-RADWEG,210307*40
$PMGNTRK,4915.868,N,00652.719,E,000208,M,152343,A,KLLERTAL-RADWEG,210307*4A
$PMGNTRK,4915.907,N,00652.655,E,000207,M,152344,A,KLLERTAL-RADWEG,210307*43
$PMGNTRK,4915.938,N,00652.603,E,000204,M,152345,A,KLLERTAL-RADWEG,210307*4E
$PMGNTRK,4915.983,N,00652.582,E,000207,M,152346,A,KLLERTAL-RADWEG,210307*44
$PMGNTRK,4916.037,N,00652.577,E,000196,M,152351,A,KLLERTAL-RADWEG,210307*46
$PMGNTRK,4916.117,N,00652.601,E,000206,M,152352,A,KLLERTAL-RADWEG,210307*4E
$PMGNTRK,4916.219,N,00652.642,E,000203,M,152353,A,KLLERTAL-RADWEG,210307*40
$PMGNTRK,4916.294,N,00652.658,E,000201,M,152354,A,KLLERTAL-RADWEG,210307*4B
$PMGNTRK,4916.342,N,00652.695,E,000206,M,152355,A,KLLERTAL-RADWEG,210307*46
$PMGNTRK,4916.382,N,00652.771,E,000208,M,152356,A,KLLERTAL-RADWEG,210307*4C
$PMGNTRK,4916.402,N,00652.825,E,000202,M,152357,A,KLLERTAL-RADWEG,210307*46
$PMGNTRK,4916.436,N,00652.880,E,000200,M,152359,A,KLLERTAL-RADWEG,210307*42
$PMGNTRK,4916.496,N,00652.936,E,000200,M,152404,A,KLLERTAL-RADWEG,210307*4B
$PMGNTRK,4916.557,N,00652.965,E,000209,M,152406,A,KLLERTAL-RADWEG,210307*4A
$PMGNTRK,4916.643,N,00652.962,E,000209,M,152407,A,KLLERTAL-RADWEG,210307*4A
$PMGNTRK,4916.785,N,00652.960,E,000208,M,152408,A,KLLERTAL-RADWEG,210307*4D
$PMGNTRK,4916.891,N,00652.939,E,000208,M,152409,A,KLLERTAL-RADWEG,210307*4A
$PMGNTRK,4917.008,N,00652.914,E,000207,M,152411,A,KLLERTAL-RADWEG,210307*4A
$PMGNTRK,4917.063,N,00652.916,E,000206,M,152416,A,KLLERTAL-RADWEG,210307*43
$PMGNTRK,4917.088,N,00652.923,E,000205,M,152417,A,KLLERTAL-RADWEG,210307*42
$PMGNTRK,4917.146,N,00652.972,E,000209,M,152418,A,KLLERTAL-RADWEG,210307*46
$PMGNTRK,4917.180,N,00652.995,E,000205,M,152419,A,KLLERTAL-RADWEG,210307*48
$PMGNTRK,4917.224,N,00653.013,E,000210,M,152420,A,KLLERTAL-RADWEG,210307*4D
$PMGNTRK,4917.284,N,00652.997,E,000207,M,152421,A,KLLERTAL-RADWEG,210307*44
$PMGNTRK,4917.318,N,00652.991,E,000207,M,152430,A,KLLERTAL-RADWEG,210307*46
$PMGNTRK,4917.375,N,00652.993,E,000207,M,152431,A,KLLERTAL-RADWEG,210307*4E
$PMGNTRK,4917.391,N,00652.996,E,000207,M,152433,A,KLLERTAL-RADWEG,210307*43
$PMGNTRK,4917.408,N,00653.038,E,000207,M,152435,A,KLLERTAL-RADWEG,210307*4E
$PMGNTRK,4917.426,N,00653.071,E,000207,M,152439,A,KLLERTAL-RADWEG,210307*43
$PMGNTRK,4917.457,N,00653.094,E,000209,M,152440,A,KLLERTAL-RADWEG,210307*4E
$PMGNTRK,4917.478,N,00653.162,E,000214,M,152441,A,KLLERTAL-RADWEG,210307*46
$PMGNTRK,4917.491,N,00653.207,E,000212,M,152442,A,KLLERTAL-RADWEG,210307*44
$PMGNTRK,4917.502,N,00653.225,E,000213,M,152442,A,KLLERTAL-RADWEG,210307*4E
$PMGNTRK,4917.554,N,00653.227,E,000214,M,152443,A,KLLERTAL-RADWEG,210307*49
$PMGNTRK,4917.668,N,00653.309,E,000210,M,152445,A,KLLERTAL-RADWEG,210307*4A
$PMGNTRK,4917.685,N,00653.356,E,000209,M,152446,A,KLLERTAL-RADWEG,210307*48
$PMGNTRK,4917.713,N,00653.363,E,000211,M,152447,A,KLLERTAL-RADWEG,210307*48
$PMGNTRK,4917.812,N,00653.542,E,000209,M,152449,A,KLLERTAL-RADWEG,210307*44
$PMGNTRK,4917.831,N,00653.577,E,000209,M,152456,A,KLLERTAL-RADWEG,210307*4D
$PMGNTRK,4917.851,N,00653.585,E,000210,M,152457,A,KLLERTAL-RADWEG,210307*4F
$PMGNTRK,4917.870,N,00653.628,E,000212,M,152458,A,KLLERTAL-RADWEG,210307*45
$PMGNTRK,4917.894,N,00653.635,E,000213,M,152459,A,KLLERTAL-RADWEG,210307*43
$PMGNTRK,4917.909,N,00653.651,E,000209,M,152459,A,KLLERTAL-RADWEG,210307*4F
$PMGNTRK,4917.941,N,00653.662,E,000209,M,152500,A,KLLERTAL-RADWEG,210307*4E
$PMGNTRK,4917.991,N,00653.707,E,000211,M,152503,A,KLLERTAL-RADWEG,210307*4B
$PMGNTRK,4918.010,N,00653.716,E,000211,M,152503,A,KLLERTAL-RADWEG,210307*44
$PMGNTRK,4918.080,N,00653.794,E,000214,M,152505,A,KLLERTAL-RADWEG,210307*44
$PMGNTRK,4918.099,N,00653.792,E,000217,M,152510,A,KLLERTAL-RADWEG,210307*4D
$PMGNTRK,4918.129,N,00653.823,E,000213,M,152511,A,KLLERTAL-RADWEG,210307*47
$PMGNTRK,4918.168,N,00653.863,E,000213,M,152512,A,KLLERTAL-RADWEG,210307*45
$PMGNTRK,4918.195,N,00653.876,E,000212,M,152512,A,KLLERTAL-RADWEG,210307*42
$PMGNTRK,4918.190,N,00653.914,E,000213,M,152513,A,KLLERTAL-RADWEG,210307*42
$PMGNTRK,4918.241,N,00653.948,E,000212,M,152515,A,KLLERTAL-RADWEG,210307*43
$PMGNTRK,4918.314,N,00653.990,E,000212,M,152517,A,KLLERTAL-RADWEG,210307*45
$PMGNTRK,4918.357,N,00654.023,E,000212,M,152522,A,KLLERTAL-RADWEG,210307*42
$PMGNTRK,4918.424,N,00654.120,E,000213,M,152524,A,KLLERTAL-RADWEG,210307*44
$PMGNTRK,4918.449,N,00654.185,E,000213,M,152525,A,KLLERTAL-RADWEG,210307*41
$PMGNTRK,4918.476,N,00654.257,E,000213,M,152526,A,KLLERTAL-RADWEG,210307*42
$PMGNTRK,4918.481,N,00654.338,E,000213,M,152529,A,KLLERTAL-RADWEG,210307*4D
$PMGNTRK,4918.528,N,00654.368,E,000213,M,152531,A,KLLERTAL-RADWEG,210307*43
$PMGNTRK,4918.548,N,00654.397,E,000215,M,152532,A,KLLERTAL-RADWEG,210307*40
$PMGNTRK,4918.576,N,00654.394,E,000220,M,152533,A,KLLERTAL-RADWEG,210307*49
$PMGNTRK,4918.590,N,00654.329,E,000217,M,152534,A,KLLERTAL-RADWEG,210307*44
$PMGNTRK,4918.625,N,00654.305,E,000217,M,152535,A,KLLERTAL-RADWEG,210307*46
$PMGNTRK,4918.658,N,00654.320,E,000221,M,152536,A,KLLERTAL-RADWEG,210307*4D
$PMGNTRK,4918.696,N,00654.356,E,000221,M,152537,A,KLLERTAL-RADWEG,210307*4F
$PMGNTRK,4918.707,N,00654.376,E,000222,M,152539,A,KLLERTAL-RADWEG,210307*49
$PMGNTRK,4918.728,N,00654.424,E,000221,M,152540,A,KLLERTAL-RADWEG,210307*49
$PMGNTRK,4918.814,N,00654.517,E,000218,M,152542,A,KLLERTAL-RADWEG,210307*40
$PMGNTRK,4918.881,N,00654.737,E,000219,M,152545,A,KLLERTAL-RADWEG,210307*4A
$PMGNTRK,4918.904,N,00654.767,E,000220,M,152551,A,KLLERTAL-RADWEG,210307*4C
$PMGNTRK,4918.924,N,00654.776,E,000223,M,152552,A,KLLERTAL-RADWEG,210307*4E
$PMGNTRK,4918.940,N,00654.793,E,000218,M,152553,A,KLLERTAL-RADWEG,210307*4E
$PMGNTRK,4918.973,N,00654.788,E,000218,M,152554,A,KLLERTAL-RADWEG,210307*43
$PMGNTRK,4919.004,N,00654.819,E,000221,M,152555,A,KLLERTAL-RADWEG,210307*47
$PMGNTRK,4919.026,N,00654.850,E,000221,M,152556,A,KLLERTAL-RADWEG,210307*49
$PMGNTRK,4919.041,N,00654.874,E,000223,M,152556,A,KLLERTAL-RADWEG,210307*4C
$PMGNTRK,4919.064,N,00654.883,E,000219,M,152557,A,KLLERTAL-RADWEG,210307*4B
$PMGNTRK,4919.074,N,00654.846,E,000223,M,152600,A,KLLERTAL-RADWEG,210307*4B
$PMGNTRK,4919.085,N,00654.815,E,000223,M,152601,A,KLLERTAL-RADWEG,210307*42
$PMGNTRK,4919.117,N,00654.836,E,000224,M,152602,A,KLLERTAL-RADWEG,210307*4D
$PMGNTRK,4919.123,N,00654.856,E,000219,M,152602,A,KLLERTAL-RADWEG,210307*42
$PMGNTRK,4919.181,N,00654.937,E,000221,M,152603,A,KLLERTAL-RADWEG,210307*46
$PMGNTRK,4919.232,N,00654.991,E,000224,M,152604,A,KLLERTAL-RADWEG,210307*43
$PMGNTRK,4919.350,N,00655.171,E,000224,M,152609,A,KLLERTAL-RADWEG,210307*4C
$PMGNTRK,4919.372,N,00655.158,E,000221,M,152610,A,KLLERTAL-RADWEG,210307*4A
$PMGNTRK,4919.397,N,00655.177,E,000221,M,152611,A,KLLERTAL-RADWEG,210307*4D
$PMGNTRK,4919.426,N,00655.176,E,000221,M,152612,A,KLLERTAL-RADWEG,210307*42
$PMGNTRK,4919.451,N,00655.175,E,000222,M,152612,A,KLLERTAL-RADWEG,210307*42
$PMGNTRK,4919.473,N,00655.232,E,000222,M,152624,A,KLLERTAL-RADWEG,210307*47
$PMGNTRK,4919.484,N,00655.260,E,000221,M,152625,A,KLLERTAL-RADWEG,210307*4A
$PMGNTRK,4919.541,N,00655.316,E,000227,M,152626,A,KLLERTAL-RADWEG,210307*47
$PMGNTRK,4919.675,N,00655.319,E,000223,M,152628,A,KLLERTAL-RADWEG,210307*46
$PMGNTRK,4919.698,N,00655.290,E,000221,M,152629,A,KLLERTAL-RADWEG,210307*46
$PMGNTRK,4919.770,N,00655.292,E,000221,M,152630,A,KLLERTAL-RADWEG,210307*4B
$PMGNTRK,4919.826,N,00655.288,E,000222,M,152630,A,KLLERTAL-RADWEG,210307*4F
$PMGNTRK,4919.852,N,00655.295,E,000221,M,152632,A,KLLERTAL-RADWEG,210307*41
$PMGNTRK,4919.871,N,00655.276,E,000224,M,152633,A,KLLERTAL-RADWEG,210307*49
$PMGNTRK,4919.897,N,00655.300,E,000225,M,152633,A,KLLERTAL-RADWEG,210307*40
$PMGNTRK,4919.916,N,00655.323,E,000224,M,152634,A,KLLERTAL-RADWEG,210307*4F
$PMGNTRK,4919.927,N,00655.320,E,000223,M,152634,A,KLLERTAL-RADWEG,210307*49
$PMGNTRK,4919.956,N,00655.299,E,000224,M,152635,A,KLLERTAL-RADWEG,210307*4A
$PMGNTRK,4919.959,N,00655.313,E,000224,M,152635,A,KLLERTAL-RADWEG,210307*46
$PMGNTRK,4919.935,N,00655.348,E,000223,M,152636,A,KLLERTAL-RADWEG,210307*46
$PMGNTRK,4919.922,N,00655.379,E,000223,M,152637,A,KLLERTAL-RADWEG,210307*43
$PMGNTRK,4919.942,N,00655.400,E,000223,M,152637,A,KLLERTAL-RADWEG,210307*4C
$PMGNTRK,4919.978,N,00655.443,E,000223,M,152639,A,KLLERTAL-RADWEG,210307*4C
$PMGNTRK,4919.964,N,00655.472,E,000223,M,152639,A,KLLERTAL-RADWEG,210307*43
$PMGNTRK,4920.042,N,00655.565,E,000225,M,152640,A,KLLERTAL-RADWEG,210307*4B
$PMGNTRK,4920.169,N,00655.733,E,000225,M,152641,A,KLLERTAL-RADWEG,210307*43
$PMGNTRK,4920.240,N,00655.825,E,000227,M,152649,A,KLLERTAL-RADWEG,210307*49
$PMGNTRK,4920.258,N,00655.830,E,000225,M,152653,A,KLLERTAL-RADWEG,210307*4D
$PMGNTRK,4920.250,N,00655.863,E,000226,M,152656,A,KLLERTAL-RADWEG,210307*45
$PMGNTRK,4920.271,N,00655.941,E,000227,M,152658,A,KLLERTAL-RADWEG,210307*48
$PMGNTRK,4920.304,N,00656.000,E,000227,M,152659,A,KLLERTAL-RADWEG,210307*45
$PMGNTRK,4920.361,N,00656.070,E,000230,M,152701,A,KLLERTAL-RADWEG,210307*4B
$PMGNTRK,4920.382,N,00656.145,E,000229,M,152702,A,KLLERTAL-RADWEG,210307*4A
$PMGNTRK,4920.402,N,00656.231,E,000230,M,152702,A,KLLERTAL-RADWEG,210307*4D
$PMGNTRK,4920.435,N,00656.269,E,000235,M,152704,A,KLLERTAL-RADWEG,210307*47
$PMGNTRK,4920.480,N,00656.275,E,000243,M,152705,A,KLLERTAL-RADWEG,210307*44
$PMGNTRK,4920.517,N,00656.261,E,000243,M,152706,A,KLLERTAL-RADWEG,210307*4D
$PMGNTRK,4920.540,N,00656.407,E,000254,M,152707,A,KLLERTAL-RADWEG,210307*4E
$PMGNTRK,4920.571,N,00656.428,E,000258,M,152708,A,KLLERTAL-RADWEG,210307*42
$PMGNTRK,4920.610,N,00656.658,E,000268,M,152713,A,KLLERTAL-RADWEG,210307*4A
$PMGNTRK,4920.681,N,00656.780,E,000276,M,152716,A,KLLERTAL-RADWEG,210307*4C
$PMGNTRK,4920.684,N,00656.939,E,000281,M,152717,A,KLLERTAL-RADWEG,210307*4C
$PMGNTRK,4920.859,N,00656.878,E,000279,M,152719,A,KLLERTAL-RADWEG,210307*4F
$PMGNTRK,4920.853,N,00656.902,E,000284,M,152720,A,KLLERTAL-RADWEG,210307*41
$PMGNTRK,4920.829,N,00656.939,E,000286,M,152720,A,KLLERTAL-RADWEG,210307*46
$PMGNTRK,4920.816,N,00656.980,E,000289,M,152721,A,KLLERTAL-RADWEG,210307*46
$PMGNTRK,4920.792,N,00657.012,E,000290,M,152722,A,KLLERTAL-RADWEG,210307*4D
$PMGNTRK,4920.771,N,00657.051,E,000290,M,152723,A,KLLERTAL-RADWEG,210307*46
$PMGNTRK,4920.748,N,00657.110,E,000284,M,152724,A,KLLERTAL-RADWEG,210307*4A
$PMGNTRK,4920.723,N,00657.186,E,000286,M,152725,A,KLLERTAL-RADWEG,210307*4B
$PMGNTRK,4920.673,N,00657.246,E,000290,M,152727,A,KLLERTAL-RADWEG,210307*45
$PMGNTRK,4920.650,N,00657.324,E,000295,M,152728,A,KLLERTAL-RADWEG,210307*4B
$PMGNTRK,4920.633,N,00657.387,E,000294,M,152729,A,KLLERTAL-RADWEG,210307*47
$PMGNTRK,4920.892,N,00657.749,E,000290,M,152735,A,KLLERTAL-RADWEG,210307*4D
$PMGNTRK,4921.080,N,00658.006,E,000311,M,152737,A,KLLERTAL-RADWEG,210307*4E
$PMGNTRK,4921.167,N,00658.141,E,000324,M,152739,A,KLLERTAL-RADWEG,210307*4C
$PMGNTRK,4921.275,N,00658.336,E,000343,M,152743,A,KLLERTAL-RADWEG,210307*42
$PMGNTRK,4921.377,N,00658.447,E,000352,M,152744,A,KLLERTAL-RADWEG,210307*47
$PMGNTRK,4921.457,N,00658.648,E,000356,M,152745,A,KLLERTAL-RADWEG,210307*4A
$PMGNTRK,4921.488,N,00658.715,E,000358,M,152746,A,KLLERTAL-RADWEG,210307*4C
$PMGNTRK,4921.503,N,00658.783,E,000361,M,152747,A,KLLERTAL-RADWEG,210307*4A
$PMGNTRK,4921.518,N,00658.867,E,000361,M,152748,A,KLLERTAL-RADWEG,210307*4A
$PMGNTRK,4921.560,N,00659.027,E,000357,M,152750,A,KLLERTAL-RADWEG,210307*44
$PMGNCMD,END*3D
