$PMGNTRK,5208.679,N,00442.350,E,00000,M,080614.05,A,,270408*74
$PMGNTRK,5208.692,N,00442.351,E,00000,M,080907.07,A,,270408*7F
$PMGNTRK,5208.700,N,00442.349,E,00000,M,080917.07,A,,270408*7D
$PMGNTRK,5208.704,N,00442.380,E,00000,M,080939.06,A,,270408*71
$PMGNTRK,5208.664,N,00442.387,E,00000,M,080959.07,A,,270408*76
$PMGNTRK,5208.627,N,00442.373,E,00000,M,081017.06,A,,270408*79
$PMGNTRK,5208.593,N,00442.345,E,00000,M,081033.06,A,,270408*76
$PMGNTRK,5208.569,N,00442.314,E,00000,M,081046.06,A,,270408*75
$PMGNTRK,5208.538,N,00442.255,E,00000,M,081109.07,A,,270408*7E
$PMGNTRK,5208.527,N,00442.233,E,00000,M,081120.06,A,,270408*7A
$PMGNTRK,5208.514,N,00442.220,E,00000,M,081129.06,A,,270408*71
$PMGNTRK,5208.504,N,00442.182,E,00000,M,081202.06,A,,270408*71
$PMGNTRK,5208.489,N,00442.137,E,00000,M,081215.06,A,,270408*7D
$PMGNTRK,5208.457,N,00442.015,E,00000,M,081243.07,A,,270408*7D
$PMGNTRK,5208.426,N,00441.947,E,00000,M,081301.07,A,,270408*71
$PMGNTRK,5208.204,N,00441.623,E,00000,M,081459.06,A,,270408*71
$PMGNTRK,5208.174,N,00441.601,E,00000,M,081512.07,A,,270408*7A
$PMGNTRK,5208.158,N,00441.600,E,00000,M,081520.06,A,,270408*75
$PMGNTRK,5208.143,N,00441.586,E,00000,M,081539.06,A,,270408*7A
$PMGNTRK,5208.127,N,00441.631,E,00000,M,081555.07,A,,270408*7C
$PMGNTRK,5208.011,N,00442.127,E,00000,M,081809.08,A,,270408*70
$PMGNTRK,5207.991,N,00442.174,E,00000,M,081825.08,A,,270408*76
$PMGNTRK,5207.985,N,00442.198,E,00000,M,081835.08,A,,270408*70
$PMGNTRK,5207.936,N,00442.451,E,00000,M,081943.07,A,,270408*77
$PMGNTRK,5207.935,N,00442.499,E,00000,M,081955.09,A,,270408*79
$PMGNTRK,5207.928,N,00442.517,E,00000,M,082007.09,A,,270408*7F
$PMGNTRK,5208.044,N,00442.893,E,00000,M,082149.08,A,,270408*78
$PMGNTRK,5208.044,N,00442.919,E,00000,M,082156.08,A,,270408*75
$PMGNTRK,5208.027,N,00442.937,E,00000,M,082205.08,A,,270408*79
$PMGNTRK,5208.152,N,00443.305,E,00000,M,082352.07,A,,270408*7C
$PMGNTRK,5208.401,N,00443.677,E,00000,M,082614.09,A,,270408*76
$PMGNTRK,5208.424,N,00443.711,E,00000,M,082630.09,A,,270408*76
$PMGNTRK,5208.432,N,00443.736,E,00000,M,082640.09,A,,270408*73
$PMGNTRK,5208.310,N,00443.827,E,00000,M,082745.09,A,,270408*7F
$PMGNTRK,5208.217,N,00443.928,E,00000,M,082833.10,A,,270408*71
$PMGNTRK,5208.170,N,00443.991,E,00000,M,082858.09,A,,270408*74
$PMGNTRK,5208.138,N,00444.054,E,00000,M,082919.10,A,,270408*73
$PMGNTRK,5208.121,N,00444.099,E,00000,M,082933.09,A,,270408*7A
$PMGNTRK,5208.076,N,00444.244,E,00000,M,083017.09,A,,270408*75
$PMGNTRK,5208.024,N,00444.415,E,00000,M,083108.10,A,,270408*77
$PMGNTRK,5207.689,N,00445.488,E,00000,M,083627.11,A,,270408*77
$PMGNTRK,5207.706,N,00445.512,E,00000,M,083641.12,A,,270408*70
$PMGNTRK,5207.852,N,00445.594,E,00000,M,083744.12,A,,270408*74
$PMGNTRK,5207.881,N,00445.597,E,00000,M,083756.11,A,,270408*79
$PMGNTRK,5207.953,N,00445.756,E,00000,M,083847.11,A,,270408*77
$PMGNTRK,5208.014,N,00445.864,E,00000,M,083927.11,A,,270408*7B
$PMGNTRK,5208.092,N,00445.940,E,00000,M,084004.11,A,,270408*7D
$PMGNTRK,5208.216,N,00446.004,E,00000,M,084101.11,A,,270408*7D
$PMGNTRK,5208.215,N,00446.026,E,00000,M,084110.11,A,,270408*7E
$PMGNTRK,5208.193,N,00446.040,E,00000,M,084121.11,A,,270408*71
$PMGNTRK,5208.178,N,00446.055,E,00000,M,084130.10,A,,270408*71
$PMGNTRK,5208.164,N,00446.038,E,00000,M,084139.10,A,,270408*7E
$PMGNTRK,5207.964,N,00446.253,E,00001,M,084334.10,A,,270408*78
$PMGNTRK,5207.951,N,00446.289,E,00002,M,084346.11,A,,270408*7E
$PMGNTRK,5207.849,N,00446.410,E,00009,M,084444.12,A,,270408*7D
$PMGNTRK,5207.830,N,00446.443,E,00008,M,084500.11,A,,270408*76
$PMGNTRK,5207.829,N,00446.455,E,00000,M,085844.12,A,,270408*7E
$PMGNTRK,5207.821,N,00446.445,E,00000,M,090642.13,A,,270408*7A
$PMGNTRK,5207.810,N,00446.476,E,00000,M,090903.14,A,,270408*75
$PMGNTRK,5207.794,N,00446.503,E,00000,M,090915.14,A,,270408*72
$PMGNTRK,5207.762,N,00446.549,E,00005,M,090943.14,A,,270408*73
$PMGNTRK,5207.546,N,00446.858,E,00000,M,091138.14,A,,270408*7A
$PMGNTRK,5207.527,N,00446.866,E,00000,M,091147.14,A,,270408*78
$PMGNTRK,5207.448,N,00446.968,E,00000,M,091245.15,A,,270408*7F
$PMGNTRK,5207.211,N,00447.277,E,00000,M,091538.15,A,,270408*7C
$PMGNTRK,5207.191,N,00447.291,E,00000,M,091605.16,A,,270408*71
$PMGNTRK,5207.192,N,00447.354,E,00000,M,091628.16,A,,270408*75
$PMGNTRK,5207.201,N,00447.391,E,00000,M,091639.15,A,,270408*76
$PMGNTRK,5207.216,N,00447.494,E,00000,M,091707.16,A,,270408*7D
$PMGNTRK,5207.229,N,00447.520,E,00000,M,091716.17,A,,270408*7E
$PMGNTRK,5207.252,N,00447.536,E,00000,M,091727.16,A,,270408*76
$PMGNTRK,5207.336,N,00447.544,E,00000,M,091805.17,A,,270408*7E
$PMGNTRK,5207.362,N,00447.543,E,00000,M,091817.15,A,,270408*79
$PMGNTRK,5207.393,N,00447.566,E,00000,M,091831.15,A,,270408*74
$PMGNTRK,5207.416,N,00447.598,E,00000,M,091844.16,A,,270408*7E
$PMGNTRK,5207.428,N,00447.630,E,00000,M,091854.17,A,,270408*72
$PMGNTRK,5207.476,N,00447.839,E,00000,M,091953.15,A,,270408*7A
$PMGNTRK,5207.505,N,00447.904,E,00000,M,092015.16,A,,270408*7B
$PMGNTRK,5207.500,N,00447.962,E,00000,M,092031.15,A,,270408*7B
$PMGNTRK,5207.474,N,00448.100,E,00000,M,092111.16,A,,270408*7A
$PMGNTRK,5207.479,N,00448.132,E,00000,M,092120.15,A,,270408*77
$PMGNTRK,5207.498,N,00448.164,E,00000,M,092132.16,A,,270408*7B
$PMGNTRK,5207.521,N,00448.186,E,00000,M,092144.16,A,,270408*75
$PMGNTRK,5207.548,N,00448.200,E,00000,M,092156.16,A,,270408*74
$PMGNTRK,5207.589,N,00448.243,E,00000,M,092217.16,A,,270408*78
$PMGNTRK,5207.603,N,00448.286,E,00000,M,092230.16,A,,270408*75
$PMGNTRK,5207.615,N,00448.344,E,00000,M,092247.16,A,,270408*7D
$PMGNTRK,5207.639,N,00448.384,E,00000,M,092301.15,A,,270408*7F
$PMGNTRK,5207.692,N,00448.442,E,00000,M,092328.15,A,,270408*78
$PMGNTRK,5207.723,N,00448.491,E,00000,M,092349.15,A,,270408*7A
$PMGNTRK,5207.740,N,00448.500,E,00000,M,092358.16,A,,270408*75
$PMGNTRK,5207.773,N,00448.481,E,00000,M,092413.16,A,,270408*75
$PMGNTRK,5207.796,N,00448.477,E,00000,M,092423.16,A,,270408*74
$PMGNTRK,5207.838,N,00448.505,E,00000,M,092443.15,A,,270408*7E
$PMGNTRK,5207.876,N,00448.510,E,00001,M,092501.16,A,,270408*75
$PMGNTRK,5207.890,N,00448.532,E,00001,M,092510.16,A,,270408*7D
$PMGNTRK,5207.891,N,00448.560,E,00000,M,092518.16,A,,270408*72
$PMGNTRK,5207.893,N,00448.592,E,00000,M,092526.16,A,,270408*70
$PMGNTRK,5207.904,N,00448.620,E,00000,M,092535.16,A,,270408*77
$PMGNTRK,5207.921,N,00448.636,E,00000,M,092544.15,A,,270408*72
$PMGNTRK,5207.942,N,00448.628,E,00000,M,092553.15,A,,270408*7E
$PMGNTRK,5207.957,N,00448.596,E,00000,M,092604.16,A,,270408*7E
$PMGNTRK,5207.973,N,00448.535,E,00000,M,092622.16,A,,270408*75
$PMGNTRK,5207.988,N,00448.510,E,00000,M,092631.17,A,,270408*75
$PMGNTRK,5208.088,N,00448.466,E,00000,M,092714.17,A,,270408*75
$PMGNTRK,5208.111,N,00448.476,E,00000,M,092723.16,A,,270408*70
$PMGNTRK,5208.139,N,00448.531,E,00000,M,092742.16,A,,270408*7F
$PMGNTRK,5208.164,N,00448.545,E,00000,M,092753.17,A,,270408*75
$PMGNTRK,5208.225,N,00448.531,E,00000,M,092819.16,A,,270408*70
$PMGNTRK,5208.240,N,00448.548,E,00000,M,092827.17,A,,270408*71
$PMGNTRK,5208.246,N,00448.581,E,00000,M,092836.17,A,,270408*72
$PMGNTRK,5208.243,N,00448.615,E,00000,M,092845.16,A,,270408*7C
$PMGNTRK,5208.247,N,00448.647,E,00000,M,092853.17,A,,270408*79
$PMGNTRK,5208.259,N,00448.668,E,00000,M,092901.16,A,,270408*7C
$PMGNTRK,5208.279,N,00448.667,E,00000,M,092910.17,A,,270408*70
$PMGNTRK,5208.300,N,00448.650,E,00000,M,092920.16,A,,270408*79
$PMGNTRK,5208.319,N,00448.655,E,00000,M,092928.17,A,,270408*7D
$PMGNTRK,5208.350,N,00448.723,E,00000,M,092950.17,A,,270408*7F
$PMGNTRK,5208.398,N,00448.785,E,00000,M,093015.17,A,,270408*7E
$PMGNTRK,5208.406,N,00448.825,E,00000,M,093027.17,A,,270408*7A
$PMGNTRK,5208.399,N,00448.867,E,00000,M,093039.17,A,,270408*72
$PMGNTRK,5208.364,N,00448.948,E,00000,M,093106.17,A,,270408*71
$PMGNTRK,5208.356,N,00448.983,E,00000,M,093117.18,A,,270408*78
$PMGNTRK,5208.359,N,00449.014,E,00000,M,093126.17,A,,270408*7C
$PMGNTRK,5208.375,N,00449.038,E,00000,M,093136.18,A,,270408*72
$PMGNTRK,5208.433,N,00449.070,E,00000,M,093203.17,A,,270408*71
$PMGNTRK,5208.503,N,00449.190,E,00000,M,093247.17,A,,270408*7C
$PMGNTRK,5208.523,N,00449.215,E,00000,M,093258.18,A,,270408*71
$PMGNTRK,5208.528,N,00449.243,E,00000,M,093306.18,A,,270408*73
$PMGNTRK,5208.508,N,00449.308,E,00000,M,093325.17,A,,270408*71
$PMGNTRK,5208.510,N,00449.337,E,00000,M,093332.17,A,,270408*72
$PMGNTRK,5208.525,N,00449.374,E,00000,M,093344.17,A,,270408*72
$PMGNTRK,5208.528,N,00449.467,E,00000,M,093409.17,A,,270408*74
$PMGNTRK,5208.526,N,00449.563,E,00000,M,093435.18,A,,270408*7F
$PMGNTRK,5208.540,N,00449.626,E,00000,M,093453.17,A,,270408*72
$PMGNTRK,5208.551,N,00449.662,E,00000,M,093504.17,A,,270408*71
$PMGNTRK,5208.573,N,00449.699,E,00000,M,093518.18,A,,270408*77
$PMGNTRK,5208.593,N,00449.806,E,00000,M,093547.18,A,,270408*7B
$PMGNTRK,5208.622,N,00449.853,E,00000,M,093605.18,A,,270408*77
$PMGNTRK,5208.638,N,00449.895,E,00000,M,093618.17,A,,270408*75
$PMGNTRK,5208.654,N,00449.918,E,00000,M,093628.18,A,,270408*77
$PMGNTRK,5208.665,N,00449.924,E,00000,M,093636.17,A,,270408*7A
$PMGNTRK,5208.963,N,00449.834,E,00000,M,093849.18,A,,270408*7A
$PMGNTRK,5208.983,N,00449.860,E,00000,M,093901.18,A,,270408*78
$PMGNTRK,5208.996,N,00449.891,E,00000,M,093912.18,A,,270408*70
$PMGNTRK,5209.022,N,00449.910,E,00000,M,093924.18,A,,270408*7A
$PMGNTRK,5209.034,N,00449.983,E,00000,M,093944.18,A,,270408*71
$PMGNTRK,5209.059,N,00450.415,E,00000,M,094145.18,A,,270408*7E
$PMGNTRK,5209.057,N,00450.396,E,00000,M,094216.19,A,,270408*78
$PMGNTRK,5209.047,N,00450.392,E,00000,M,094513.19,A,,270408*7F
$PMGNTRK,5209.039,N,00450.392,E,00011,M,094638.19,A,,270408*7C
$PMGNTRK,5209.053,N,00450.390,E,00008,M,094755.19,A,,270408*70
$PMGNTRK,5209.053,N,00450.351,E,00006,M,094809.19,A,,270408*75
$PMGNTRK,5209.049,N,00450.285,E,00003,M,094834.19,A,,270408*7D
$PMGNTRK,5209.055,N,00450.371,E,00000,M,101729.22,A,,270408*7F
$PMGNTRK,5209.055,N,00450.393,E,00000,M,101754.23,A,,270408*78
$PMGNTRK,5209.063,N,00450.459,E,00000,M,102149.24,A,,270408*72
$PMGNTRK,5209.089,N,00450.565,E,00000,M,102352.23,A,,270408*77
$PMGNTRK,5209.141,N,00450.789,E,00000,M,102459.24,A,,270408*79
$PMGNTRK,5209.156,N,00450.841,E,00001,M,102514.23,A,,270408*7A
$PMGNTRK,5209.163,N,00450.892,E,00000,M,102527.24,A,,270408*74
$PMGNTRK,5209.195,N,00451.109,E,00000,M,102622.24,A,,270408*71
$PMGNTRK,5209.245,N,00451.357,E,00004,M,102732.25,A,,270408*73
$PMGNTRK,5209.259,N,00451.427,E,00004,M,102757.25,A,,270408*7D
$PMGNTRK,5209.315,N,00451.409,E,00008,M,102830.25,A,,270408*7A
$PMGNTRK,5209.342,N,00451.389,E,00007,M,102841.25,A,,270408*7E
$PMGNTRK,5209.354,N,00451.401,E,00007,M,102851.25,A,,270408*7F
$PMGNTRK,5209.915,N,00451.234,E,00002,M,103223.26,A,,270408*78
$PMGNTRK,5209.941,N,00451.201,E,00002,M,103236.25,A,,270408*78
$PMGNTRK,5209.985,N,00451.111,E,00004,M,103308.25,A,,270408*78
$PMGNTRK,5209.993,N,00451.095,E,00004,M,103315.25,A,,270408*7E
$PMGNTRK,5210.004,N,00451.025,E,00006,M,103356.25,A,,270408*7F
$PMGNTRK,5209.990,N,00451.068,E,00007,M,103412.26,A,,270408*7F
$PMGNTRK,5209.980,N,00451.072,E,00007,M,103431.25,A,,270408*77
$PMGNTRK,5209.830,N,00449.233,E,00003,M,104209.27,A,,270408*7F
$PMGNTRK,5209.781,N,00449.031,E,00004,M,104302.27,A,,270408*77
$PMGNTRK,5209.714,N,00448.754,E,00003,M,104416.28,A,,270408*74
$PMGNTRK,5209.635,N,00448.456,E,00006,M,104542.27,A,,270408*7D
$PMGNTRK,5209.586,N,00448.279,E,00005,M,104631.27,A,,270408*79
$PMGNTRK,5209.531,N,00448.091,E,00005,M,104721.28,A,,270408*7E
$PMGNTRK,5209.400,N,00447.630,E,00003,M,104930.28,A,,270408*77
$PMGNTRK,5209.293,N,00447.279,E,00003,M,105114.28,A,,270408*7D
$PMGNTRK,5209.194,N,00447.063,E,00005,M,105228.29,A,,270408*7B
$PMGNTRK,5209.178,N,00447.047,E,00007,M,105246.28,A,,270408*74
$PMGNTRK,5209.153,N,00447.004,E,00009,M,105304.29,A,,270408*72
$PMGNTRK,5209.105,N,00446.909,E,00007,M,105337.28,A,,270408*7B
$PMGNTRK,5209.084,N,00446.871,E,00007,M,105351.29,A,,270408*7C
$PMGNTRK,5209.053,N,00446.807,E,00009,M,105413.28,A,,270408*79
$PMGNTRK,5209.018,N,00446.762,E,00008,M,105434.28,A,,270408*7E
$PMGNTRK,5208.994,N,00446.731,E,00008,M,105448.28,A,,270408*7F
$PMGNTRK,5208.962,N,00446.696,E,00009,M,105506.27,A,,270408*7F
$PMGNTRK,5208.787,N,00446.511,E,00006,M,105632.29,A,,270408*73
$PMGNTRK,5208.762,N,00446.486,E,00007,M,105647.28,A,,270408*75
$PMGNTRK,5208.695,N,00446.419,E,00009,M,105725.28,A,,270408*71
$PMGNTRK,5208.562,N,00446.285,E,00005,M,105835.28,A,,270408*7B
$PMGNTRK,5208.397,N,00446.103,E,00005,M,110005.29,A,,270408*74
$PMGNTRK,5208.374,N,00446.090,E,00005,M,110016.29,A,,270408*70
$PMGNTRK,5208.318,N,00446.058,E,00005,M,110046.28,A,,270408*7A
$PMGNTRK,5208.294,N,00446.045,E,00005,M,110059.29,A,,270408*7C
$PMGNTRK,5208.086,N,00445.937,E,00004,M,110238.28,A,,270408*77
$PMGNTRK,5208.042,N,00445.897,E,00005,M,110301.29,A,,270408*7F
$PMGNTRK,5208.012,N,00445.863,E,00005,M,110318.28,A,,270408*78
$PMGNTRK,5207.982,N,00445.816,E,00007,M,110338.29,A,,270408*74
$PMGNTRK,5207.947,N,00445.746,E,00006,M,110401.29,A,,270408*7B
$PMGNTRK,5207.888,N,00445.608,E,00005,M,110447.28,A,,270408*72
$PMGNTRK,5207.919,N,00445.593,E,00005,M,110510.29,A,,270408*78
$PMGNTRK,5207.968,N,00445.584,E,00004,M,110536.30,A,,270408*75
$PMGNTRK,5208.336,N,00445.407,E,00000,M,110752.31,A,,270408*74
$PMGNTRK,5208.627,N,00445.224,E,00000,M,110947.31,A,,270408*7C
$PMGNTRK,5208.323,N,00443.954,E,00000,M,111530.30,A,,270408*7B
$PMGNTRK,5208.321,N,00443.902,E,00001,M,111546.30,A,,270408*7A
$PMGNTRK,5208.306,N,00443.865,E,00000,M,111602.31,A,,270408*7C
$PMGNTRK,5208.296,N,00443.848,E,00000,M,111611.31,A,,270408*79
$PMGNTRK,5208.418,N,00443.754,E,00008,M,111734.33,A,,270408*77
$PMGNTRK,5208.413,N,00443.751,E,00009,M,113446.34,A,,270408*7B
$PMGNTRK,5208.418,N,00443.742,E,00004,M,114117.36,A,,270408*7B
$PMGNTRK,5208.430,N,00443.745,E,00004,M,114222.34,A,,270408*71
$PMGNTRK,5208.421,N,00443.715,E,00011,M,114236.34,A,,270408*75
$PMGNTRK,5208.398,N,00443.681,E,00011,M,114251.33,A,,270408*7A
$PMGNTRK,5208.142,N,00443.293,E,00000,M,114514.35,A,,270408*78
$PMGNTRK,5208.024,N,00442.948,E,00000,M,114656.34,A,,270408*71
$PMGNTRK,5208.039,N,00442.923,E,00000,M,114707.34,A,,270408*75
$PMGNTRK,5208.039,N,00442.884,E,00000,M,114717.34,A,,270408*78
$PMGNTRK,5207.924,N,00442.521,E,00000,M,114902.34,A,,270408*7A
$PMGNTRK,5207.931,N,00442.492,E,00000,M,114911.34,A,,270408*75
$PMGNTRK,5207.932,N,00442.454,E,00000,M,114921.34,A,,270408*7F
$PMGNTRK,5207.988,N,00442.175,E,00000,M,115035.35,A,,270408*74
$PMGNTRK,5208.012,N,00442.117,E,00000,M,115049.35,A,,270408*7E
$PMGNTRK,5208.133,N,00441.593,E,00000,M,115254.35,A,,270408*79
$PMGNTRK,5208.143,N,00441.584,E,00000,M,115302.36,A,,270408*79
$PMGNTRK,5208.151,N,00441.597,E,00000,M,115316.35,A,,270408*7E
$PMGNTRK,5208.170,N,00441.598,E,00000,M,115324.34,A,,270408*72
$PMGNTRK,5208.198,N,00441.619,E,00000,M,115336.36,A,,270408*7F
$PMGNTRK,5208.439,N,00441.972,E,00000,M,115545.35,A,,270408*72
$PMGNTRK,5208.465,N,00442.042,E,00000,M,115607.35,A,,270408*77
$PMGNTRK,5208.514,N,00442.215,E,00002,M,115701.36,A,,270408*76
$PMGNTRK,5208.528,N,00442.230,E,00002,M,115709.36,A,,270408*76
$PMGNTRK,5208.553,N,00442.283,E,00002,M,115724.36,A,,270408*7D
$PMGNTRK,5208.586,N,00442.334,E,00000,M,115739.36,A,,270408*76
$PMGNTRK,5208.624,N,00442.367,E,00000,M,115753.36,A,,270408*77
$PMGNTRK,5208.673,N,00442.384,E,00000,M,115812.36,A,,270408*72
$PMGNTRK,5208.705,N,00442.382,E,00000,M,115827.37,A,,270408*73
$PMGNTRK,5208.703,N,00442.352,E,00000,M,115846.36,A,,270408*7E
$PMGNTRK,5208.685,N,00442.351,E,00001,M,115900.36,A,,270408*70
$PMGNTRK,5208.679,N,00442.354,E,00001,M,120211.37,A,,270408*7A
$PMGNTRK,5208.672,N,00442.366,E,00000,M,120311.36,A,,270408*71
$PMGNCMD,END*3D
